BEGIN:VCALENDAR
VERSION:2.0
PRODID:-//hacksw/handcal//NONSGML v1.0//EN
BEGIN:VEVENT
UID:uid1@example.com
DTSTAMP:19970714T170000Z
ORGANIZER;CN=John Doe:MAILTO:john.doe@example.com
DTSTART:19970714T170000Z
DTEND:19970715T035959Z
SUMMARY:Bastille Day Party
END:VEVENT
END:VCALENDAR
BEGIN:VEVENT
DTSTART:20141112
DTEND:20141225
SUMMARY:linux-hell-study
END:VEVENT
BEGIN:VEVENT
DTSTART:20110914
DTEND:20141025
SUMMARY:git-intro
END:VEVENT
BEGIN:VEVENT
DTSTART:20121116
DTEND:20141125
SUMMARY:machine-learning
END:VEVENT
BEGIN:VEVENT
DTSTART:20130412
DTEND:20140525
SUMMARY:algorithm
END:VEVENT
BEGIN:VEVENT
DTSTART:20141112
DTEND:20141225
SUMMARY:linux-hell-study
END:VEVENT
BEGIN:VEVENT
DTSTART:20110914
DTEND:20141025
SUMMARY:git-intro
END:VEVENT
BEGIN:VEVENT
DTSTART:20121116
DTEND:20141125
SUMMARY:machine-learning
END:VEVENT
BEGIN:VEVENT
DTSTART:20130412
DTEND:20140525
SUMMARY:algorithm
END:VEVENT
