T: 2016-01-12 22:57:59 #1 Log
/bin/sh: 1: ./adhd.sh: Permission denied
T: 2016-01-12 22:58:08 #2 Log
T: 2016-01-12 22:59:06 #3 Log
adhd.virus
T: 2016-01-12 23:01:29 #4 Log
2016010523:29:45
T: 2016-01-12 23:01:46 #5 Log
20160105232945
T: 2016-01-12 23:02:26 #6 Log
t_date
T: 2016-01-12 23:02:34 #7 Log
20160105232945
T: 2016-01-12 23:03:30 #8 Log
20160105232945
10
T: 2016-01-12 23:08:48 #9 Log
20160105232945
10
./adhd.sh: line 13: syntax error near unexpected token `$n_date-$t_date'
./adhd.sh: line 13: `echo ($n_date-$t_date)'
T: 2016-01-12 23:09:13 #10 Log
20160105232945
10
(20160112230913-20160105232945)
T: 2016-01-12 23:09:25 #11 Log
20160105232945
10
6997980
T: 2016-01-12 23:10:10 #12 Log
20160105232945
10
6998065
20160112231010-20160105232945
T: 2016-01-12 23:10:29 #13 Log
20160105232945
10
6998084
20160112231029-20160105232945
T: 2016-01-12 23:10:48 #14 Log
20160105232945
10
6998103
T: 2016-01-12 23:12:43 #15 Log
20160105232945
10
nanli
