T: 2016-05-01 15:48:19 #1 Log
T: 2016-05-01 16:02:53 #2 Log
{'love': 1, 'is': 2, 'what': 1, 'from': 1, 'how': 2, 'to': 1, 'mail': 1, 'you': 3, 'friend': 2, 'nice': 1, 'buy': 1, 'I': 1, 'virus': 3, 'hi': 1, 'facebook': 1, 'baby': 1, 'day': 1, 'a': 1, 'about': 2, 'this': 3, 'contact': 1, 'hello': 1}
T: 2016-05-01 16:04:07 #3 Log
{'love': 1, 'is': 2, 'what': 1, 'from': 1, 'how': 2, 'to': 1, 'mail': 1, 'you': 3, 'friend': 2, 'nice': 1, 'buy': 1, 'I': 1, 'virus': 3, 'hi': 1, 'facebook': 1, 'baby': 1, 'day': 1, 'a': 1, 'about': 2, 'this': 3, 'contact': 1, 'hello': 1}
Traceback (most recent call last):
  File "NaiveBayes.py", line 29, in <module>
    print set_of_word.key()
AttributeError: 'dict' object has no attribute 'key'
T: 2016-05-01 16:04:13 #4 Log
{'love': 1, 'is': 2, 'what': 1, 'from': 1, 'how': 2, 'to': 1, 'mail': 1, 'you': 3, 'friend': 2, 'nice': 1, 'buy': 1, 'I': 1, 'virus': 3, 'hi': 1, 'facebook': 1, 'baby': 1, 'day': 1, 'a': 1, 'about': 2, 'this': 3, 'contact': 1, 'hello': 1}
['love', 'is', 'what', 'from', 'how', 'to', 'mail', 'you', 'friend', 'nice', 'buy', 'I', 'virus', 'hi', 'facebook', 'baby', 'day', 'a', 'about', 'this', 'contact', 'hello']
T: 2016-05-01 16:09:54 #5 Log
{'love': 1, 'is': 2, 'what': 1, 'from': 1, 'how': 2, 'to': 1, 'mail': 1, 'you': 3, 'friend': 2, 'nice': 1, 'buy': 1, 'I': 1, 'virus': 3, 'hi': 1, 'facebook': 1, 'baby': 1, 'day': 1, 'a': 1, 'about': 2, 'this': 3, 'contact': 1, 'hello': 1}
['love', 'is', 'what', 'from', 'how', 'to', 'mail', 'you', 'friend', 'nice', 'buy', 'I', 'virus', 'hi', 'facebook', 'baby', 'day', 'a', 'about', 'this', 'contact', 'hello']
Traceback (most recent call last):
  File "NaiveBayes.py", line 39, in <module>
    vt = wordvector(voca, mail)
NameError: name 'wordvector' is not defined
T: 2016-05-01 16:10:10 #6 Log
{'love': 1, 'is': 2, 'what': 1, 'from': 1, 'how': 2, 'to': 1, 'mail': 1, 'you': 3, 'friend': 2, 'nice': 1, 'buy': 1, 'I': 1, 'virus': 3, 'hi': 1, 'facebook': 1, 'baby': 1, 'day': 1, 'a': 1, 'about': 2, 'this': 3, 'contact': 1, 'hello': 1}
['love', 'is', 'what', 'from', 'how', 'to', 'mail', 'you', 'friend', 'nice', 'buy', 'I', 'virus', 'hi', 'facebook', 'baby', 'day', 'a', 'about', 'this', 'contact', 'hello']
[[0, 1, 0, 0, 0, 0, 1, 0, 0, 0, 0, 0, 1, 1, 0, 0, 0, 1, 0, 1, 0, 1], [0, 1, 0, 1, 0, 0, 0, 0, 1, 0, 0, 0, 0, 1, 0, 0, 0, 0, 0, 1, 0, 0], [0, 1, 0, 0, 1, 0, 0, 0, 0, 0, 1, 0, 1, 1, 0, 0, 0, 1, 1, 1, 0, 0], [0, 0, 0, 0, 0, 1, 0, 1, 1, 0, 0, 0, 0, 0, 1, 0, 0, 1, 0, 0, 1, 0], [1, 0, 0, 0, 0, 0, 0, 1, 0, 0, 0, 1, 1, 0, 0, 1, 0, 1, 0, 0, 0, 0], [0, 0, 1, 0, 1, 0, 0, 1, 0, 1, 0, 0, 0, 0, 0, 0, 1, 1, 1, 0, 0, 0]]
T: 2016-05-01 16:38:17 #7 Log
{'love': 1, 'is': 2, 'what': 1, 'from': 1, 'how': 2, 'to': 1, 'mail': 1, 'you': 3, 'friend': 2, 'nice': 1, 'buy': 1, 'I': 1, 'virus': 3, 'hi': 1, 'facebook': 1, 'baby': 1, 'day': 1, 'a': 1, 'about': 2, 'this': 3, 'contact': 1, 'hello': 1}
['love', 'is', 'what', 'from', 'how', 'to', 'mail', 'you', 'friend', 'nice', 'buy', 'I', 'virus', 'hi', 'facebook', 'baby', 'day', 'a', 'about', 'this', 'contact', 'hello']
[[0, 1, 0, 0, 0, 0, 1, 0, 0, 0, 0, 0, 1, 1, 0, 0, 0, 1, 0, 1, 0, 1], [0, 1, 0, 1, 0, 0, 0, 0, 1, 0, 0, 0, 0, 1, 0, 0, 0, 0, 0, 1, 0, 0], [0, 1, 0, 0, 1, 0, 0, 0, 0, 0, 1, 0, 1, 1, 0, 0, 0, 1, 1, 1, 0, 0], [0, 0, 0, 0, 0, 1, 0, 1, 1, 0, 0, 0, 0, 0, 1, 0, 0, 1, 0, 0, 1, 0], [1, 0, 0, 0, 0, 0, 0, 1, 0, 0, 0, 1, 1, 0, 0, 1, 0, 1, 0, 0, 0, 0], [0, 0, 1, 0, 1, 0, 0, 1, 0, 1, 0, 0, 0, 0, 0, 0, 1, 1, 1, 0, 0, 0]]
Traceback (most recent call last):
  File "NaiveBayes.py", line 75, in <module>
    nb.fit()
  File "NaiveBayes.py", line 23, in fit
    zeros(self.num_word)) + self.word_data[i]
NameError: global name 'zeros' is not defined
T: 2016-05-01 16:38:42 #8 Log
{'love': 1, 'is': 2, 'what': 1, 'from': 1, 'how': 2, 'to': 1, 'mail': 1, 'you': 3, 'friend': 2, 'nice': 1, 'buy': 1, 'I': 1, 'virus': 3, 'hi': 1, 'facebook': 1, 'baby': 1, 'day': 1, 'a': 1, 'about': 2, 'this': 3, 'contact': 1, 'hello': 1}
['love', 'is', 'what', 'from', 'how', 'to', 'mail', 'you', 'friend', 'nice', 'buy', 'I', 'virus', 'hi', 'facebook', 'baby', 'day', 'a', 'about', 'this', 'contact', 'hello']
[[0, 1, 0, 0, 0, 0, 1, 0, 0, 0, 0, 0, 1, 1, 0, 0, 0, 1, 0, 1, 0, 1], [0, 1, 0, 1, 0, 0, 0, 0, 1, 0, 0, 0, 0, 1, 0, 0, 0, 0, 0, 1, 0, 0], [0, 1, 0, 0, 1, 0, 0, 0, 0, 0, 1, 0, 1, 1, 0, 0, 0, 1, 1, 1, 0, 0], [0, 0, 0, 0, 0, 1, 0, 1, 1, 0, 0, 0, 0, 0, 1, 0, 0, 1, 0, 0, 1, 0], [1, 0, 0, 0, 0, 0, 0, 1, 0, 0, 0, 1, 1, 0, 0, 1, 0, 1, 0, 0, 0, 0], [0, 0, 1, 0, 1, 0, 0, 1, 0, 1, 0, 0, 0, 0, 0, 0, 1, 1, 1, 0, 0, 0]]
Traceback (most recent call last):
  File "NaiveBayes.py", line 75, in <module>
    nb.fit()
  File "NaiveBayes.py", line 27, in fit
    print cate_word_vector
NameError: global name 'cate_word_vector' is not defined
T: 2016-05-01 16:39:02 #9 Log
{'love': 1, 'is': 2, 'what': 1, 'from': 1, 'how': 2, 'to': 1, 'mail': 1, 'you': 3, 'friend': 2, 'nice': 1, 'buy': 1, 'I': 1, 'virus': 3, 'hi': 1, 'facebook': 1, 'baby': 1, 'day': 1, 'a': 1, 'about': 2, 'this': 3, 'contact': 1, 'hello': 1}
['love', 'is', 'what', 'from', 'how', 'to', 'mail', 'you', 'friend', 'nice', 'buy', 'I', 'virus', 'hi', 'facebook', 'baby', 'day', 'a', 'about', 'this', 'contact', 'hello']
[[0, 1, 0, 0, 0, 0, 1, 0, 0, 0, 0, 0, 1, 1, 0, 0, 0, 1, 0, 1, 0, 1], [0, 1, 0, 1, 0, 0, 0, 0, 1, 0, 0, 0, 0, 1, 0, 0, 0, 0, 0, 1, 0, 0], [0, 1, 0, 0, 1, 0, 0, 0, 0, 0, 1, 0, 1, 1, 0, 0, 0, 1, 1, 1, 0, 0], [0, 0, 0, 0, 0, 1, 0, 1, 1, 0, 0, 0, 0, 0, 1, 0, 0, 1, 0, 0, 1, 0], [1, 0, 0, 0, 0, 0, 0, 1, 0, 0, 0, 1, 1, 0, 0, 1, 0, 1, 0, 0, 0, 0], [0, 0, 1, 0, 1, 0, 0, 1, 0, 1, 0, 0, 0, 0, 0, 0, 1, 1, 1, 0, 0, 0]]
{'ham': array([ 0.,  1.,  1.,  1.,  1.,  1.,  0.,  2.,  2.,  1.,  0.,  0.,  0.,
        1.,  1.,  0.,  1.,  2.,  1.,  1.,  1.,  0.]), 'spam': array([ 1.,  2.,  0.,  0.,  1.,  0.,  1.,  1.,  0.,  0.,  1.,  1.,  3.,
        2.,  0.,  1.,  0.,  3.,  1.,  2.,  0.,  1.])}
T: 2016-05-01 16:42:01 #10 Log
{'love': 1, 'is': 2, 'what': 1, 'from': 1, 'how': 2, 'to': 1, 'mail': 1, 'you': 3, 'friend': 2, 'nice': 1, 'buy': 1, 'I': 1, 'virus': 3, 'hi': 1, 'facebook': 1, 'baby': 1, 'day': 1, 'a': 1, 'about': 2, 'this': 3, 'contact': 1, 'hello': 1}
['love', 'is', 'what', 'from', 'how', 'to', 'mail', 'you', 'friend', 'nice', 'buy', 'I', 'virus', 'hi', 'facebook', 'baby', 'day', 'a', 'about', 'this', 'contact', 'hello']
[[0, 1, 0, 0, 0, 0, 1, 0, 0, 0, 0, 0, 1, 1, 0, 0, 0, 1, 0, 1, 0, 1], [0, 1, 0, 1, 0, 0, 0, 0, 1, 0, 0, 0, 0, 1, 0, 0, 0, 0, 0, 1, 0, 0], [0, 1, 0, 0, 1, 0, 0, 0, 0, 0, 1, 0, 1, 1, 0, 0, 0, 1, 1, 1, 0, 0], [0, 0, 0, 0, 0, 1, 0, 1, 1, 0, 0, 0, 0, 0, 1, 0, 0, 1, 0, 0, 1, 0], [1, 0, 0, 0, 0, 0, 0, 1, 0, 0, 0, 1, 1, 0, 0, 1, 0, 1, 0, 0, 0, 0], [0, 0, 1, 0, 1, 0, 0, 1, 0, 1, 0, 0, 0, 0, 0, 0, 1, 1, 1, 0, 0, 0]]
{'ham': array([ 0.,  1.,  1.,  1.,  1.,  1.,  0.,  2.,  2.,  1.,  0.,  0.,  0.,
        1.,  1.,  0.,  1.,  2.,  1.,  1.,  1.,  0.]), 'spam': array([ 1.,  2.,  0.,  0.,  1.,  0.,  1.,  1.,  0.,  0.,  1.,  1.,  3.,
        2.,  0.,  1.,  0.,  3.,  1.,  2.,  0.,  1.])}
{'ham': 18.0, 'spam': 21.0}
T: 2016-05-01 16:43:37 #11 Log
{'love': 1, 'is': 2, 'what': 1, 'from': 1, 'how': 2, 'to': 1, 'mail': 1, 'you': 3, 'friend': 2, 'nice': 1, 'buy': 1, 'I': 1, 'virus': 3, 'hi': 1, 'facebook': 1, 'baby': 1, 'day': 1, 'a': 1, 'about': 2, 'this': 3, 'contact': 1, 'hello': 1}
['love', 'is', 'what', 'from', 'how', 'to', 'mail', 'you', 'friend', 'nice', 'buy', 'I', 'virus', 'hi', 'facebook', 'baby', 'day', 'a', 'about', 'this', 'contact', 'hello']
[[0, 1, 0, 0, 0, 0, 1, 0, 0, 0, 0, 0, 1, 1, 0, 0, 0, 1, 0, 1, 0, 1], [0, 1, 0, 1, 0, 0, 0, 0, 1, 0, 0, 0, 0, 1, 0, 0, 0, 0, 0, 1, 0, 0], [0, 1, 0, 0, 1, 0, 0, 0, 0, 0, 1, 0, 1, 1, 0, 0, 0, 1, 1, 1, 0, 0], [0, 0, 0, 0, 0, 1, 0, 1, 1, 0, 0, 0, 0, 0, 1, 0, 0, 1, 0, 0, 1, 0], [1, 0, 0, 0, 0, 0, 0, 1, 0, 0, 0, 1, 1, 0, 0, 1, 0, 1, 0, 0, 0, 0], [0, 0, 1, 0, 1, 0, 0, 1, 0, 1, 0, 0, 0, 0, 0, 0, 1, 1, 1, 0, 0, 0]]
{'ham': array([ 0.,  1.,  1.,  1.,  1.,  1.,  0.,  2.,  2.,  1.,  0.,  0.,  0.,
        1.,  1.,  0.,  1.,  2.,  1.,  1.,  1.,  0.]), 'spam': array([ 1.,  2.,  0.,  0.,  1.,  0.,  1.,  1.,  0.,  0.,  1.,  1.,  3.,
        2.,  0.,  1.,  0.,  3.,  1.,  2.,  0.,  1.])}
{'ham': 18.0, 'spam': 21.0}
Traceback (most recent call last):
  File "NaiveBayes.py", line 83, in <module>
    nb.fit()
  File "NaiveBayes.py", line 36, in fit
    print num_cate
NameError: global name 'num_cate' is not defined
T: 2016-05-01 16:43:43 #12 Log
{'love': 1, 'is': 2, 'what': 1, 'from': 1, 'how': 2, 'to': 1, 'mail': 1, 'you': 3, 'friend': 2, 'nice': 1, 'buy': 1, 'I': 1, 'virus': 3, 'hi': 1, 'facebook': 1, 'baby': 1, 'day': 1, 'a': 1, 'about': 2, 'this': 3, 'contact': 1, 'hello': 1}
['love', 'is', 'what', 'from', 'how', 'to', 'mail', 'you', 'friend', 'nice', 'buy', 'I', 'virus', 'hi', 'facebook', 'baby', 'day', 'a', 'about', 'this', 'contact', 'hello']
[[0, 1, 0, 0, 0, 0, 1, 0, 0, 0, 0, 0, 1, 1, 0, 0, 0, 1, 0, 1, 0, 1], [0, 1, 0, 1, 0, 0, 0, 0, 1, 0, 0, 0, 0, 1, 0, 0, 0, 0, 0, 1, 0, 0], [0, 1, 0, 0, 1, 0, 0, 0, 0, 0, 1, 0, 1, 1, 0, 0, 0, 1, 1, 1, 0, 0], [0, 0, 0, 0, 0, 1, 0, 1, 1, 0, 0, 0, 0, 0, 1, 0, 0, 1, 0, 0, 1, 0], [1, 0, 0, 0, 0, 0, 0, 1, 0, 0, 0, 1, 1, 0, 0, 1, 0, 1, 0, 0, 0, 0], [0, 0, 1, 0, 1, 0, 0, 1, 0, 1, 0, 0, 0, 0, 0, 0, 1, 1, 1, 0, 0, 0]]
{'ham': array([ 0.,  1.,  1.,  1.,  1.,  1.,  0.,  2.,  2.,  1.,  0.,  0.,  0.,
        1.,  1.,  0.,  1.,  2.,  1.,  1.,  1.,  0.]), 'spam': array([ 1.,  2.,  0.,  0.,  1.,  0.,  1.,  1.,  0.,  0.,  1.,  1.,  3.,
        2.,  0.,  1.,  0.,  3.,  1.,  2.,  0.,  1.])}
{'ham': 18.0, 'spam': 21.0}
2
T: 2016-05-01 16:46:14 #13 Log
{'love': 1, 'is': 2, 'what': 1, 'from': 1, 'how': 2, 'to': 1, 'mail': 1, 'you': 3, 'friend': 2, 'nice': 1, 'buy': 1, 'I': 1, 'virus': 3, 'hi': 1, 'facebook': 1, 'baby': 1, 'day': 1, 'a': 1, 'about': 2, 'this': 3, 'contact': 1, 'hello': 1}
['love', 'is', 'what', 'from', 'how', 'to', 'mail', 'you', 'friend', 'nice', 'buy', 'I', 'virus', 'hi', 'facebook', 'baby', 'day', 'a', 'about', 'this', 'contact', 'hello']
[[0, 1, 0, 0, 0, 0, 1, 0, 0, 0, 0, 0, 1, 1, 0, 0, 0, 1, 0, 1, 0, 1], [0, 1, 0, 1, 0, 0, 0, 0, 1, 0, 0, 0, 0, 1, 0, 0, 0, 0, 0, 1, 0, 0], [0, 1, 0, 0, 1, 0, 0, 0, 0, 0, 1, 0, 1, 1, 0, 0, 0, 1, 1, 1, 0, 0], [0, 0, 0, 0, 0, 1, 0, 1, 1, 0, 0, 0, 0, 0, 1, 0, 0, 1, 0, 0, 1, 0], [1, 0, 0, 0, 0, 0, 0, 1, 0, 0, 0, 1, 1, 0, 0, 1, 0, 1, 0, 0, 0, 0], [0, 0, 1, 0, 1, 0, 0, 1, 0, 1, 0, 0, 0, 0, 0, 0, 1, 1, 1, 0, 0, 0]]
{'ham': array([ 0.,  1.,  1.,  1.,  1.,  1.,  0.,  2.,  2.,  1.,  0.,  0.,  0.,
        1.,  1.,  0.,  1.,  2.,  1.,  1.,  1.,  0.]), 'spam': array([ 1.,  2.,  0.,  0.,  1.,  0.,  1.,  1.,  0.,  0.,  1.,  1.,  3.,
        2.,  0.,  1.,  0.,  3.,  1.,  2.,  0.,  1.])}
{'ham': 18.0, 'spam': 21.0}
2
[[ 0.  1.  1.  1.  1.  1.  0.  2.  2.  1.  0.  0.  0.  1.  1.  0.  1.  2.
   1.  1.  1.  0.]
 [ 1.  2.  0.  0.  1.  0.  1.  1.  0.  0.  1.  1.  3.  2.  0.  1.  0.  3.
   1.  2.  0.  1.]]
T: 2016-05-01 16:48:15 #14 Log
{'love': 1, 'is': 2, 'what': 1, 'from': 1, 'how': 2, 'to': 1, 'mail': 1, 'you': 3, 'friend': 2, 'nice': 1, 'buy': 1, 'I': 1, 'virus': 3, 'hi': 1, 'facebook': 1, 'baby': 1, 'day': 1, 'a': 1, 'about': 2, 'this': 3, 'contact': 1, 'hello': 1}
['love', 'is', 'what', 'from', 'how', 'to', 'mail', 'you', 'friend', 'nice', 'buy', 'I', 'virus', 'hi', 'facebook', 'baby', 'day', 'a', 'about', 'this', 'contact', 'hello']
[[0, 1, 0, 0, 0, 0, 1, 0, 0, 0, 0, 0, 1, 1, 0, 0, 0, 1, 0, 1, 0, 1], [0, 1, 0, 1, 0, 0, 0, 0, 1, 0, 0, 0, 0, 1, 0, 0, 0, 0, 0, 1, 0, 0], [0, 1, 0, 0, 1, 0, 0, 0, 0, 0, 1, 0, 1, 1, 0, 0, 0, 1, 1, 1, 0, 0], [0, 0, 0, 0, 0, 1, 0, 1, 1, 0, 0, 0, 0, 0, 1, 0, 0, 1, 0, 0, 1, 0], [1, 0, 0, 0, 0, 0, 0, 1, 0, 0, 0, 1, 1, 0, 0, 1, 0, 1, 0, 0, 0, 0], [0, 0, 1, 0, 1, 0, 0, 1, 0, 1, 0, 0, 0, 0, 0, 0, 1, 1, 1, 0, 0, 0]]
{'ham': array([ 0.,  1.,  1.,  1.,  1.,  1.,  0.,  2.,  2.,  1.,  0.,  0.,  0.,
        1.,  1.,  0.,  1.,  2.,  1.,  1.,  1.,  0.]), 'spam': array([ 1.,  2.,  0.,  0.,  1.,  0.,  1.,  1.,  0.,  0.,  1.,  1.,  3.,
        2.,  0.,  1.,  0.,  3.,  1.,  2.,  0.,  1.])}
{'ham': 18.0, 'spam': 21.0}
2
[[ 0.  1.  1.  1.  1.  1.  0.  2.  2.  1.  0.  0.  0.  1.  1.  0.  1.  2.
   1.  1.  1.  0.]
 [ 1.  2.  0.  0.  1.  0.  1.  1.  0.  0.  1.  1.  3.  2.  0.  1.  0.  3.
   1.  2.  0.  1.]]
[ 18.  21.]
T: 2016-05-01 16:49:17 #15 Log
{'love': 1, 'is': 2, 'what': 1, 'from': 1, 'how': 2, 'to': 1, 'mail': 1, 'you': 3, 'friend': 2, 'nice': 1, 'buy': 1, 'I': 1, 'virus': 3, 'hi': 1, 'facebook': 1, 'baby': 1, 'day': 1, 'a': 1, 'about': 2, 'this': 3, 'contact': 1, 'hello': 1}
['love', 'is', 'what', 'from', 'how', 'to', 'mail', 'you', 'friend', 'nice', 'buy', 'I', 'virus', 'hi', 'facebook', 'baby', 'day', 'a', 'about', 'this', 'contact', 'hello']
[[0, 1, 0, 0, 0, 0, 1, 0, 0, 0, 0, 0, 1, 1, 0, 0, 0, 1, 0, 1, 0, 1], [0, 1, 0, 1, 0, 0, 0, 0, 1, 0, 0, 0, 0, 1, 0, 0, 0, 0, 0, 1, 0, 0], [0, 1, 0, 0, 1, 0, 0, 0, 0, 0, 1, 0, 1, 1, 0, 0, 0, 1, 1, 1, 0, 0], [0, 0, 0, 0, 0, 1, 0, 1, 1, 0, 0, 0, 0, 0, 1, 0, 0, 1, 0, 0, 1, 0], [1, 0, 0, 0, 0, 0, 0, 1, 0, 0, 0, 1, 1, 0, 0, 1, 0, 1, 0, 0, 0, 0], [0, 0, 1, 0, 1, 0, 0, 1, 0, 1, 0, 0, 0, 0, 0, 0, 1, 1, 1, 0, 0, 0]]
{'ham': array([ 0.,  1.,  1.,  1.,  1.,  1.,  0.,  2.,  2.,  1.,  0.,  0.,  0.,
        1.,  1.,  0.,  1.,  2.,  1.,  1.,  1.,  0.]), 'spam': array([ 1.,  2.,  0.,  0.,  1.,  0.,  1.,  1.,  0.,  0.,  1.,  1.,  3.,
        2.,  0.,  1.,  0.,  3.,  1.,  2.,  0.,  1.])}
{'ham': 18.0, 'spam': 21.0}
2
[[ 0.  1.  1.  1.  1.  1.  0.  2.  2.  1.  0.  0.  0.  1.  1.  0.  1.  2.
   1.  1.  1.  0.]
 [ 1.  2.  0.  0.  1.  0.  1.  1.  0.  0.  1.  1.  3.  2.  0.  1.  0.  3.
   1.  2.  0.  1.]]
[ 18.  21.]
['ham' 'spam']
T: 2016-05-01 16:50:03 #16 Log
{'love': 1, 'is': 2, 'what': 1, 'from': 1, 'how': 2, 'to': 1, 'mail': 1, 'you': 3, 'friend': 2, 'nice': 1, 'buy': 1, 'I': 1, 'virus': 3, 'hi': 1, 'facebook': 1, 'baby': 1, 'day': 1, 'a': 1, 'about': 2, 'this': 3, 'contact': 1, 'hello': 1}
['love', 'is', 'what', 'from', 'how', 'to', 'mail', 'you', 'friend', 'nice', 'buy', 'I', 'virus', 'hi', 'facebook', 'baby', 'day', 'a', 'about', 'this', 'contact', 'hello']
[[0, 1, 0, 0, 0, 0, 1, 0, 0, 0, 0, 0, 1, 1, 0, 0, 0, 1, 0, 1, 0, 1], [0, 1, 0, 1, 0, 0, 0, 0, 1, 0, 0, 0, 0, 1, 0, 0, 0, 0, 0, 1, 0, 0], [0, 1, 0, 0, 1, 0, 0, 0, 0, 0, 1, 0, 1, 1, 0, 0, 0, 1, 1, 1, 0, 0], [0, 0, 0, 0, 0, 1, 0, 1, 1, 0, 0, 0, 0, 0, 1, 0, 0, 1, 0, 0, 1, 0], [1, 0, 0, 0, 0, 0, 0, 1, 0, 0, 0, 1, 1, 0, 0, 1, 0, 1, 0, 0, 0, 0], [0, 0, 1, 0, 1, 0, 0, 1, 0, 1, 0, 0, 0, 0, 0, 0, 1, 1, 1, 0, 0, 0]]
{'ham': array([ 0.,  1.,  1.,  1.,  1.,  1.,  0.,  2.,  2.,  1.,  0.,  0.,  0.,
        1.,  1.,  0.,  1.,  2.,  1.,  1.,  1.,  0.]), 'spam': array([ 1.,  2.,  0.,  0.,  1.,  0.,  1.,  1.,  0.,  0.,  1.,  1.,  3.,
        2.,  0.,  1.,  0.,  3.,  1.,  2.,  0.,  1.])}
{'ham': 18.0, 'spam': 21.0}
2
[[ 0.  1.  1.  1.  1.  1.  0.  2.  2.  1.  0.  0.  0.  1.  1.  0.  1.  2.
   1.  1.  1.  0.]
 [ 1.  2.  0.  0.  1.  0.  1.  1.  0.  0.  1.  1.  3.  2.  0.  1.  0.  3.
   1.  2.  0.  1.]]
[ 18.  21.]
['ham' 'spam']
[3 3]
T: 2016-05-01 16:54:14 #17 Log
{'love': 1, 'is': 2, 'what': 1, 'from': 1, 'how': 2, 'to': 1, 'mail': 1, 'you': 3, 'friend': 2, 'nice': 1, 'buy': 1, 'I': 1, 'virus': 3, 'hi': 1, 'facebook': 1, 'baby': 1, 'day': 1, 'a': 1, 'about': 2, 'this': 3, 'contact': 1, 'hello': 1}
['love', 'is', 'what', 'from', 'how', 'to', 'mail', 'you', 'friend', 'nice', 'buy', 'I', 'virus', 'hi', 'facebook', 'baby', 'day', 'a', 'about', 'this', 'contact', 'hello']
[[0, 1, 0, 0, 0, 0, 1, 0, 0, 0, 0, 0, 1, 1, 0, 0, 0, 1, 0, 1, 0, 1], [0, 1, 0, 1, 0, 0, 0, 0, 1, 0, 0, 0, 0, 1, 0, 0, 0, 0, 0, 1, 0, 0], [0, 1, 0, 0, 1, 0, 0, 0, 0, 0, 1, 0, 1, 1, 0, 0, 0, 1, 1, 1, 0, 0], [0, 0, 0, 0, 0, 1, 0, 1, 1, 0, 0, 0, 0, 0, 1, 0, 0, 1, 0, 0, 1, 0], [1, 0, 0, 0, 0, 0, 0, 1, 0, 0, 0, 1, 1, 0, 0, 1, 0, 1, 0, 0, 0, 0], [0, 0, 1, 0, 1, 0, 0, 1, 0, 1, 0, 0, 0, 0, 0, 0, 1, 1, 1, 0, 0, 0]]
{'ham': array([ 0.,  1.,  1.,  1.,  1.,  1.,  0.,  2.,  2.,  1.,  0.,  0.,  0.,
        1.,  1.,  0.,  1.,  2.,  1.,  1.,  1.,  0.]), 'spam': array([ 1.,  2.,  0.,  0.,  1.,  0.,  1.,  1.,  0.,  0.,  1.,  1.,  3.,
        2.,  0.,  1.,  0.,  3.,  1.,  2.,  0.,  1.])}
{'ham': 18.0, 'spam': 21.0}
2
[[ 0.  1.  1.  1.  1.  1.  0.  2.  2.  1.  0.  0.  0.  1.  1.  0.  1.  2.
   1.  1.  1.  0.]
 [ 1.  2.  0.  0.  1.  0.  1.  1.  0.  0.  1.  1.  3.  2.  0.  1.  0.  3.
   1.  2.  0.  1.]]
[ 18.  21.]
['ham' 'spam']
[3 3]
[[ 0.  1.  0.  0.  0.  0.  0.  0.  0.  0.  0.  0.  0.  1.  0.  0.  0.  0.
   0.  0.  0.  0.]
 [ 0.  2.  0.  0.  0.  0.  0.  0.  0.  0.  0.  0.  3.  2.  0.  0.  0.  0.
   0.  0.  0.  0.]]
T: 2016-05-01 17:02:38 #18 Log
{'love': 1, 'is': 2, 'what': 1, 'from': 1, 'how': 2, 'to': 1, 'mail': 1, 'you': 3, 'friend': 2, 'nice': 1, 'buy': 1, 'I': 1, 'virus': 3, 'hi': 1, 'facebook': 1, 'baby': 1, 'day': 1, 'a': 1, 'about': 2, 'this': 3, 'contact': 1, 'hello': 1}
['love', 'is', 'what', 'from', 'how', 'to', 'mail', 'you', 'friend', 'nice', 'buy', 'I', 'virus', 'hi', 'facebook', 'baby', 'day', 'a', 'about', 'this', 'contact', 'hello']
[[0, 1, 0, 0, 0, 0, 1, 0, 0, 0, 0, 0, 1, 1, 0, 0, 0, 1, 0, 1, 0, 1], [0, 1, 0, 1, 0, 0, 0, 0, 1, 0, 0, 0, 0, 1, 0, 0, 0, 0, 0, 1, 0, 0], [0, 1, 0, 0, 1, 0, 0, 0, 0, 0, 1, 0, 1, 1, 0, 0, 0, 1, 1, 1, 0, 0], [0, 0, 0, 0, 0, 1, 0, 1, 1, 0, 0, 0, 0, 0, 1, 0, 0, 1, 0, 0, 1, 0], [1, 0, 0, 0, 0, 0, 0, 1, 0, 0, 0, 1, 1, 0, 0, 1, 0, 1, 0, 0, 0, 0], [0, 0, 1, 0, 1, 0, 0, 1, 0, 1, 0, 0, 0, 0, 0, 0, 1, 1, 1, 0, 0, 0]]
{'ham': array([ 0.,  1.,  1.,  1.,  1.,  1.,  0.,  2.,  2.,  1.,  0.,  0.,  0.,
        1.,  1.,  0.,  1.,  2.,  1.,  1.,  1.,  0.]), 'spam': array([ 1.,  2.,  0.,  0.,  1.,  0.,  1.,  1.,  0.,  0.,  1.,  1.,  3.,
        2.,  0.,  1.,  0.,  3.,  1.,  2.,  0.,  1.])}
{'ham': 18.0, 'spam': 21.0}
2
[[ 0.  1.  1.  1.  1.  1.  0.  2.  2.  1.  0.  0.  0.  1.  1.  0.  1.  2.
   1.  1.  1.  0.]
 [ 1.  2.  0.  0.  1.  0.  1.  1.  0.  0.  1.  1.  3.  2.  0.  1.  0.  3.
   1.  2.  0.  1.]]
[ 18.  21.]
['ham' 'spam']
[3 3]
[[ 0.  1.  0.  0.  0.  0.  0.  0.  0.  0.  0.  0.  0.  1.  0.  0.  0.  0.
   0.  0.  0.  0.]
 [ 0.  2.  0.  0.  0.  0.  0.  0.  0.  0.  0.  0.  3.  2.  0.  0.  0.  0.
   0.  0.  0.  0.]]
[[ 0.          0.69314718  0.          0.          0.          0.          0.
   0.          0.          0.          0.          0.          0.
   0.69314718  0.          0.          0.          0.          0.          0.
   0.          0.        ]
 [ 0.          1.09861229  0.          0.          0.          0.          0.
   0.          0.          0.          0.          0.          1.38629436
   1.09861229  0.          0.          0.          0.          0.          0.
   0.          0.        ]]
T: 2016-05-01 17:19:27 #19 Log
{'love': 1, 'is': 2, 'what': 1, 'from': 1, 'how': 2, 'to': 1, 'mail': 1, 'you': 3, 'friend': 2, 'nice': 1, 'buy': 1, 'I': 1, 'virus': 3, 'hi': 1, 'facebook': 1, 'baby': 1, 'day': 1, 'a': 1, 'about': 2, 'this': 3, 'contact': 1, 'hello': 1}
['love', 'is', 'what', 'from', 'how', 'to', 'mail', 'you', 'friend', 'nice', 'buy', 'I', 'virus', 'hi', 'facebook', 'baby', 'day', 'a', 'about', 'this', 'contact', 'hello']
[[0, 1, 0, 0, 0, 0, 1, 0, 0, 0, 0, 0, 1, 1, 0, 0, 0, 1, 0, 1, 0, 1], [0, 1, 0, 1, 0, 0, 0, 0, 1, 0, 0, 0, 0, 1, 0, 0, 0, 0, 0, 1, 0, 0], [0, 1, 0, 0, 1, 0, 0, 0, 0, 0, 1, 0, 1, 1, 0, 0, 0, 1, 1, 1, 0, 0], [0, 0, 0, 0, 0, 1, 0, 1, 1, 0, 0, 0, 0, 0, 1, 0, 0, 1, 0, 0, 1, 0], [1, 0, 0, 0, 0, 0, 0, 1, 0, 0, 0, 1, 1, 0, 0, 1, 0, 1, 0, 0, 0, 0], [0, 0, 1, 0, 1, 0, 0, 1, 0, 1, 0, 0, 0, 0, 0, 0, 1, 1, 1, 0, 0, 0]]
{'ham': array([ 0.,  1.,  1.,  1.,  1.,  1.,  0.,  2.,  2.,  1.,  0.,  0.,  0.,
        1.,  1.,  0.,  1.,  2.,  1.,  1.,  1.,  0.]), 'spam': array([ 1.,  2.,  0.,  0.,  1.,  0.,  1.,  1.,  0.,  0.,  1.,  1.,  3.,
        2.,  0.,  1.,  0.,  3.,  1.,  2.,  0.,  1.])}
{'ham': 18.0, 'spam': 21.0}
2
[[ 0.  1.  1.  1.  1.  1.  0.  2.  2.  1.  0.  0.  0.  1.  1.  0.  1.  2.
   1.  1.  1.  0.]
 [ 1.  2.  0.  0.  1.  0.  1.  1.  0.  0.  1.  1.  3.  2.  0.  1.  0.  3.
   1.  2.  0.  1.]]
[ 18.  21.]
['ham' 'spam']
[3 3]
[[ 0.  1.  0.  0.  0.  0.  0.  0.  0.  0.  0.  0.  0.  1.  0.  0.  0.  0.
   0.  0.  0.  0.]
 [ 0.  2.  0.  0.  0.  0.  0.  0.  0.  0.  0.  0.  3.  2.  0.  0.  0.  0.
   0.  0.  0.  0.]]
[[ 0.          0.69314718  0.          0.          0.          0.          0.
   0.          0.          0.          0.          0.          0.
   0.69314718  0.          0.          0.          0.          0.          0.
   0.          0.        ]
 [ 0.          1.09861229  0.          0.          0.          0.          0.
   0.          0.          0.          0.          0.          1.38629436
   1.09861229  0.          0.          0.          0.          0.          0.
   0.          0.        ]]
[[ 18.  18.  18.  18.  18.  18.  18.  18.  18.  18.  18.  18.  18.  18.
   18.  18.  18.  18.  18.  18.  18.  18.]
 [ 21.  21.  21.  21.  21.  21.  21.  21.  21.  21.  21.  21.  21.  21.
   21.  21.  21.  21.  21.  21.  21.  21.]]
T: 2016-05-01 17:23:32 #20 Log
{'love': 1, 'is': 2, 'what': 1, 'from': 1, 'how': 2, 'to': 1, 'mail': 1, 'you': 3, 'friend': 2, 'nice': 1, 'buy': 1, 'I': 1, 'virus': 3, 'hi': 1, 'facebook': 1, 'baby': 1, 'day': 1, 'a': 1, 'about': 2, 'this': 3, 'contact': 1, 'hello': 1}
['love', 'is', 'what', 'from', 'how', 'to', 'mail', 'you', 'friend', 'nice', 'buy', 'I', 'virus', 'hi', 'facebook', 'baby', 'day', 'a', 'about', 'this', 'contact', 'hello']
[[0, 1, 0, 0, 0, 0, 1, 0, 0, 0, 0, 0, 1, 1, 0, 0, 0, 1, 0, 1, 0, 1], [0, 1, 0, 1, 0, 0, 0, 0, 1, 0, 0, 0, 0, 1, 0, 0, 0, 0, 0, 1, 0, 0], [0, 1, 0, 0, 1, 0, 0, 0, 0, 0, 1, 0, 1, 1, 0, 0, 0, 1, 1, 1, 0, 0], [0, 0, 0, 0, 0, 1, 0, 1, 1, 0, 0, 0, 0, 0, 1, 0, 0, 1, 0, 0, 1, 0], [1, 0, 0, 0, 0, 0, 0, 1, 0, 0, 0, 1, 1, 0, 0, 1, 0, 1, 0, 0, 0, 0], [0, 0, 1, 0, 1, 0, 0, 1, 0, 1, 0, 0, 0, 0, 0, 0, 1, 1, 1, 0, 0, 0]]
{'ham': array([ 0.,  1.,  1.,  1.,  1.,  1.,  0.,  2.,  2.,  1.,  0.,  0.,  0.,
        1.,  1.,  0.,  1.,  2.,  1.,  1.,  1.,  0.]), 'spam': array([ 1.,  2.,  0.,  0.,  1.,  0.,  1.,  1.,  0.,  0.,  1.,  1.,  3.,
        2.,  0.,  1.,  0.,  3.,  1.,  2.,  0.,  1.])}
{'ham': 18.0, 'spam': 21.0}
2
[[ 0.  1.  1.  1.  1.  1.  0.  2.  2.  1.  0.  0.  0.  1.  1.  0.  1.  2.
   1.  1.  1.  0.]
 [ 1.  2.  0.  0.  1.  0.  1.  1.  0.  0.  1.  1.  3.  2.  0.  1.  0.  3.
   1.  2.  0.  1.]]
[ 18.  21.]
['ham' 'spam']
[3 3]
[[ 0.  1.  0.  0.  0.  0.  0.  0.  0.  0.  0.  0.  0.  1.  0.  0.  0.  0.
   0.  0.  0.  0.]
 [ 0.  2.  0.  0.  0.  0.  0.  0.  0.  0.  0.  0.  3.  2.  0.  0.  0.  0.
   0.  0.  0.  0.]]
[[ 0.          0.69314718  0.          0.          0.          0.          0.
   0.          0.          0.          0.          0.          0.
   0.69314718  0.          0.          0.          0.          0.          0.
   0.          0.        ]
 [ 0.          1.09861229  0.          0.          0.          0.          0.
   0.          0.          0.          0.          0.          1.38629436
   1.09861229  0.          0.          0.          0.          0.          0.
   0.          0.        ]]
[[ 18.  18.  18.  18.  18.  18.  18.  18.  18.  18.  18.  18.  18.  18.
   18.  18.  18.  18.  18.  18.  18.  18.]
 [ 21.  21.  21.  21.  21.  21.  21.  21.  21.  21.  21.  21.  21.  21.
   21.  21.  21.  21.  21.  21.  21.  21.]]
[[ 3.68887945  3.68887945  3.68887945  3.68887945  3.68887945  3.68887945
   3.68887945  3.68887945  3.68887945  3.68887945  3.68887945  3.68887945
   3.68887945  3.68887945  3.68887945  3.68887945  3.68887945  3.68887945
   3.68887945  3.68887945  3.68887945  3.68887945]
 [ 3.76120012  3.76120012  3.76120012  3.76120012  3.76120012  3.76120012
   3.76120012  3.76120012  3.76120012  3.76120012  3.76120012  3.76120012
   3.76120012  3.76120012  3.76120012  3.76120012  3.76120012  3.76120012
   3.76120012  3.76120012  3.76120012  3.76120012]]
T: 2016-05-01 17:25:55 #21 Log
{'love': 1, 'is': 2, 'what': 1, 'from': 1, 'how': 2, 'to': 1, 'mail': 1, 'you': 3, 'friend': 2, 'nice': 1, 'buy': 1, 'I': 1, 'virus': 3, 'hi': 1, 'facebook': 1, 'baby': 1, 'day': 1, 'a': 1, 'about': 2, 'this': 3, 'contact': 1, 'hello': 1}
['love', 'is', 'what', 'from', 'how', 'to', 'mail', 'you', 'friend', 'nice', 'buy', 'I', 'virus', 'hi', 'facebook', 'baby', 'day', 'a', 'about', 'this', 'contact', 'hello']
[[0, 1, 0, 0, 0, 0, 1, 0, 0, 0, 0, 0, 1, 1, 0, 0, 0, 1, 0, 1, 0, 1], [0, 1, 0, 1, 0, 0, 0, 0, 1, 0, 0, 0, 0, 1, 0, 0, 0, 0, 0, 1, 0, 0], [0, 1, 0, 0, 1, 0, 0, 0, 0, 0, 1, 0, 1, 1, 0, 0, 0, 1, 1, 1, 0, 0], [0, 0, 0, 0, 0, 1, 0, 1, 1, 0, 0, 0, 0, 0, 1, 0, 0, 1, 0, 0, 1, 0], [1, 0, 0, 0, 0, 0, 0, 1, 0, 0, 0, 1, 1, 0, 0, 1, 0, 1, 0, 0, 0, 0], [0, 0, 1, 0, 1, 0, 0, 1, 0, 1, 0, 0, 0, 0, 0, 0, 1, 1, 1, 0, 0, 0]]
{'ham': array([ 0.,  1.,  1.,  1.,  1.,  1.,  0.,  2.,  2.,  1.,  0.,  0.,  0.,
        1.,  1.,  0.,  1.,  2.,  1.,  1.,  1.,  0.]), 'spam': array([ 1.,  2.,  0.,  0.,  1.,  0.,  1.,  1.,  0.,  0.,  1.,  1.,  3.,
        2.,  0.,  1.,  0.,  3.,  1.,  2.,  0.,  1.])}
{'ham': 18.0, 'spam': 21.0}
2
[[ 0.  1.  1.  1.  1.  1.  0.  2.  2.  1.  0.  0.  0.  1.  1.  0.  1.  2.
   1.  1.  1.  0.]
 [ 1.  2.  0.  0.  1.  0.  1.  1.  0.  0.  1.  1.  3.  2.  0.  1.  0.  3.
   1.  2.  0.  1.]]
[ 18.  21.]
['ham' 'spam']
[3 3]
[[ 0.  1.  0.  0.  0.  0.  0.  0.  0.  0.  0.  0.  0.  1.  0.  0.  0.  0.
   0.  0.  0.  0.]
 [ 0.  2.  0.  0.  0.  0.  0.  0.  0.  0.  0.  0.  3.  2.  0.  0.  0.  0.
   0.  0.  0.  0.]]
[[ 0.          0.69314718  0.          0.          0.          0.          0.
   0.          0.          0.          0.          0.          0.
   0.69314718  0.          0.          0.          0.          0.          0.
   0.          0.        ]
 [ 0.          1.09861229  0.          0.          0.          0.          0.
   0.          0.          0.          0.          0.          1.38629436
   1.09861229  0.          0.          0.          0.          0.          0.
   0.          0.        ]]
[[ 18.  18.  18.  18.  18.  18.  18.  18.  18.  18.  18.  18.  18.  18.
   18.  18.  18.  18.  18.  18.  18.  18.]
 [ 21.  21.  21.  21.  21.  21.  21.  21.  21.  21.  21.  21.  21.  21.
   21.  21.  21.  21.  21.  21.  21.  21.]]
[[ 3.68887945  3.68887945  3.68887945  3.68887945  3.68887945  3.68887945
   3.68887945  3.68887945  3.68887945  3.68887945  3.68887945  3.68887945
   3.68887945  3.68887945  3.68887945  3.68887945  3.68887945  3.68887945
   3.68887945  3.68887945  3.68887945  3.68887945]
 [ 3.76120012  3.76120012  3.76120012  3.76120012  3.76120012  3.76120012
   3.76120012  3.76120012  3.76120012  3.76120012  3.76120012  3.76120012
   3.76120012  3.76120012  3.76120012  3.76120012  3.76120012  3.76120012
   3.76120012  3.76120012  3.76120012  3.76120012]]
[-0.69314718 -0.69314718]
T: 2016-05-01 17:28:06 #22 Log
{'love': 1, 'is': 2, 'what': 1, 'from': 1, 'how': 2, 'to': 1, 'mail': 1, 'you': 3, 'friend': 2, 'nice': 1, 'buy': 1, 'I': 1, 'virus': 3, 'hi': 1, 'facebook': 1, 'baby': 1, 'day': 1, 'a': 1, 'about': 2, 'this': 3, 'contact': 1, 'hello': 1}
['love', 'is', 'what', 'from', 'how', 'to', 'mail', 'you', 'friend', 'nice', 'buy', 'I', 'virus', 'hi', 'facebook', 'baby', 'day', 'a', 'about', 'this', 'contact', 'hello']
[[0, 1, 0, 0, 0, 0, 1, 0, 0, 0, 0, 0, 1, 1, 0, 0, 0, 1, 0, 1, 0, 1], [0, 1, 0, 1, 0, 0, 0, 0, 1, 0, 0, 0, 0, 1, 0, 0, 0, 0, 0, 1, 0, 0], [0, 1, 0, 0, 1, 0, 0, 0, 0, 0, 1, 0, 1, 1, 0, 0, 0, 1, 1, 1, 0, 0], [0, 0, 0, 0, 0, 1, 0, 1, 1, 0, 0, 0, 0, 0, 1, 0, 0, 1, 0, 0, 1, 0], [1, 0, 0, 0, 0, 0, 0, 1, 0, 0, 0, 1, 1, 0, 0, 1, 0, 1, 0, 0, 0, 0], [0, 0, 1, 0, 1, 0, 0, 1, 0, 1, 0, 0, 0, 0, 0, 0, 1, 1, 1, 0, 0, 0]]
{'ham': array([ 0.,  1.,  1.,  1.,  1.,  1.,  0.,  2.,  2.,  1.,  0.,  0.,  0.,
        1.,  1.,  0.,  1.,  2.,  1.,  1.,  1.,  0.]), 'spam': array([ 1.,  2.,  0.,  0.,  1.,  0.,  1.,  1.,  0.,  0.,  1.,  1.,  3.,
        2.,  0.,  1.,  0.,  3.,  1.,  2.,  0.,  1.])}
{'ham': 18.0, 'spam': 21.0}
2
[[ 0.  1.  1.  1.  1.  1.  0.  2.  2.  1.  0.  0.  0.  1.  1.  0.  1.  2.
   1.  1.  1.  0.]
 [ 1.  2.  0.  0.  1.  0.  1.  1.  0.  0.  1.  1.  3.  2.  0.  1.  0.  3.
   1.  2.  0.  1.]]
[ 18.  21.]
['ham' 'spam']
[3 3]
[[ 0.  1.  0.  0.  0.  0.  0.  0.  0.  0.  0.  0.  0.  1.  0.  0.  0.  0.
   0.  0.  0.  0.]
 [ 0.  2.  0.  0.  0.  0.  0.  0.  0.  0.  0.  0.  3.  2.  0.  0.  0.  0.
   0.  0.  0.  0.]]
[[ 0.          0.69314718  0.          0.          0.          0.          0.
   0.          0.          0.          0.          0.          0.
   0.69314718  0.          0.          0.          0.          0.          0.
   0.          0.        ]
 [ 0.          1.09861229  0.          0.          0.          0.          0.
   0.          0.          0.          0.          0.          1.38629436
   1.09861229  0.          0.          0.          0.          0.          0.
   0.          0.        ]]
[[ 18.  18.  18.  18.  18.  18.  18.  18.  18.  18.  18.  18.  18.  18.
   18.  18.  18.  18.  18.  18.  18.  18.]
 [ 21.  21.  21.  21.  21.  21.  21.  21.  21.  21.  21.  21.  21.  21.
   21.  21.  21.  21.  21.  21.  21.  21.]]
[[ 3.68887945  3.68887945  3.68887945  3.68887945  3.68887945  3.68887945
   3.68887945  3.68887945  3.68887945  3.68887945  3.68887945  3.68887945
   3.68887945  3.68887945  3.68887945  3.68887945  3.68887945  3.68887945
   3.68887945  3.68887945  3.68887945  3.68887945]
 [ 3.76120012  3.76120012  3.76120012  3.76120012  3.76120012  3.76120012
   3.76120012  3.76120012  3.76120012  3.76120012  3.76120012  3.76120012
   3.76120012  3.76120012  3.76120012  3.76120012  3.76120012  3.76120012
   3.76120012  3.76120012  3.76120012  3.76120012]]
[-0.69314718 -0.69314718]
[-80.46220081 -79.85603079]
T: 2016-05-01 17:29:26 #23 Log
{'love': 1, 'is': 2, 'what': 1, 'from': 1, 'how': 2, 'to': 1, 'mail': 1, 'you': 3, 'friend': 2, 'nice': 1, 'buy': 1, 'I': 1, 'virus': 3, 'hi': 1, 'facebook': 1, 'baby': 1, 'day': 1, 'a': 1, 'about': 2, 'this': 3, 'contact': 1, 'hello': 1}
['love', 'is', 'what', 'from', 'how', 'to', 'mail', 'you', 'friend', 'nice', 'buy', 'I', 'virus', 'hi', 'facebook', 'baby', 'day', 'a', 'about', 'this', 'contact', 'hello']
[[0, 1, 0, 0, 0, 0, 1, 0, 0, 0, 0, 0, 1, 1, 0, 0, 0, 1, 0, 1, 0, 1], [0, 1, 0, 1, 0, 0, 0, 0, 1, 0, 0, 0, 0, 1, 0, 0, 0, 0, 0, 1, 0, 0], [0, 1, 0, 0, 1, 0, 0, 0, 0, 0, 1, 0, 1, 1, 0, 0, 0, 1, 1, 1, 0, 0], [0, 0, 0, 0, 0, 1, 0, 1, 1, 0, 0, 0, 0, 0, 1, 0, 0, 1, 0, 0, 1, 0], [1, 0, 0, 0, 0, 0, 0, 1, 0, 0, 0, 1, 1, 0, 0, 1, 0, 1, 0, 0, 0, 0], [0, 0, 1, 0, 1, 0, 0, 1, 0, 1, 0, 0, 0, 0, 0, 0, 1, 1, 1, 0, 0, 0]]
{'ham': array([ 0.,  1.,  1.,  1.,  1.,  1.,  0.,  2.,  2.,  1.,  0.,  0.,  0.,
        1.,  1.,  0.,  1.,  2.,  1.,  1.,  1.,  0.]), 'spam': array([ 1.,  2.,  0.,  0.,  1.,  0.,  1.,  1.,  0.,  0.,  1.,  1.,  3.,
        2.,  0.,  1.,  0.,  3.,  1.,  2.,  0.,  1.])}
{'ham': 18.0, 'spam': 21.0}
2
[[ 0.  1.  1.  1.  1.  1.  0.  2.  2.  1.  0.  0.  0.  1.  1.  0.  1.  2.
   1.  1.  1.  0.]
 [ 1.  2.  0.  0.  1.  0.  1.  1.  0.  0.  1.  1.  3.  2.  0.  1.  0.  3.
   1.  2.  0.  1.]]
[ 18.  21.]
['ham' 'spam']
[3 3]
[[ 0.  1.  0.  0.  0.  0.  0.  0.  0.  0.  0.  0.  0.  1.  0.  0.  0.  0.
   0.  0.  0.  0.]
 [ 0.  2.  0.  0.  0.  0.  0.  0.  0.  0.  0.  0.  3.  2.  0.  0.  0.  0.
   0.  0.  0.  0.]]
[[ 0.          0.69314718  0.          0.          0.          0.          0.
   0.          0.          0.          0.          0.          0.
   0.69314718  0.          0.          0.          0.          0.          0.
   0.          0.        ]
 [ 0.          1.09861229  0.          0.          0.          0.          0.
   0.          0.          0.          0.          0.          1.38629436
   1.09861229  0.          0.          0.          0.          0.          0.
   0.          0.        ]]
[[ 18.  18.  18.  18.  18.  18.  18.  18.  18.  18.  18.  18.  18.  18.
   18.  18.  18.  18.  18.  18.  18.  18.]
 [ 21.  21.  21.  21.  21.  21.  21.  21.  21.  21.  21.  21.  21.  21.
   21.  21.  21.  21.  21.  21.  21.  21.]]
[[ 3.68887945  3.68887945  3.68887945  3.68887945  3.68887945  3.68887945
   3.68887945  3.68887945  3.68887945  3.68887945  3.68887945  3.68887945
   3.68887945  3.68887945  3.68887945  3.68887945  3.68887945  3.68887945
   3.68887945  3.68887945  3.68887945  3.68887945]
 [ 3.76120012  3.76120012  3.76120012  3.76120012  3.76120012  3.76120012
   3.76120012  3.76120012  3.76120012  3.76120012  3.76120012  3.76120012
   3.76120012  3.76120012  3.76120012  3.76120012  3.76120012  3.76120012
   3.76120012  3.76120012  3.76120012  3.76120012]]
[-0.69314718 -0.69314718]
[-80.46220081 -79.85603079]
spam
T: 2016-05-01 17:30:20 #24 Log
{'love': 1, 'is': 2, 'what': 1, 'from': 1, 'how': 2, 'to': 1, 'mail': 1, 'you': 3, 'friend': 2, 'nice': 1, 'buy': 1, 'I': 1, 'virus': 3, 'hi': 1, 'facebook': 1, 'baby': 1, 'day': 1, 'a': 1, 'about': 2, 'this': 3, 'contact': 1, 'hello': 1}
['love', 'is', 'what', 'from', 'how', 'to', 'mail', 'you', 'friend', 'nice', 'buy', 'I', 'virus', 'hi', 'facebook', 'baby', 'day', 'a', 'about', 'this', 'contact', 'hello']
[[0, 1, 0, 0, 0, 0, 1, 0, 0, 0, 0, 0, 1, 1, 0, 0, 0, 1, 0, 1, 0, 1], [0, 1, 0, 1, 0, 0, 0, 0, 1, 0, 0, 0, 0, 1, 0, 0, 0, 0, 0, 1, 0, 0], [0, 1, 0, 0, 1, 0, 0, 0, 0, 0, 1, 0, 1, 1, 0, 0, 0, 1, 1, 1, 0, 0], [0, 0, 0, 0, 0, 1, 0, 1, 1, 0, 0, 0, 0, 0, 1, 0, 0, 1, 0, 0, 1, 0], [1, 0, 0, 0, 0, 0, 0, 1, 0, 0, 0, 1, 1, 0, 0, 1, 0, 1, 0, 0, 0, 0], [0, 0, 1, 0, 1, 0, 0, 1, 0, 1, 0, 0, 0, 0, 0, 0, 1, 1, 1, 0, 0, 0]]
{'ham': array([ 0.,  1.,  1.,  1.,  1.,  1.,  0.,  2.,  2.,  1.,  0.,  0.,  0.,
        1.,  1.,  0.,  1.,  2.,  1.,  1.,  1.,  0.]), 'spam': array([ 1.,  2.,  0.,  0.,  1.,  0.,  1.,  1.,  0.,  0.,  1.,  1.,  3.,
        2.,  0.,  1.,  0.,  3.,  1.,  2.,  0.,  1.])}
{'ham': 18.0, 'spam': 21.0}
2
[[ 0.  1.  1.  1.  1.  1.  0.  2.  2.  1.  0.  0.  0.  1.  1.  0.  1.  2.
   1.  1.  1.  0.]
 [ 1.  2.  0.  0.  1.  0.  1.  1.  0.  0.  1.  1.  3.  2.  0.  1.  0.  3.
   1.  2.  0.  1.]]
[ 18.  21.]
['ham' 'spam']
[3 3]
[[ 0.  0.  0.  0.  0.  0.  0.  2.  0.  0.  0.  0.  0.  0.  0.  0.  0.  2.
   0.  0.  1.  0.]
 [ 0.  0.  0.  0.  0.  0.  0.  1.  0.  0.  0.  0.  0.  0.  0.  0.  0.  3.
   0.  0.  0.  0.]]
[[ 0.          0.          0.          0.          0.          0.          0.
   1.09861229  0.          0.          0.          0.          0.          0.
   0.          0.          0.          1.09861229  0.          0.
   0.69314718  0.        ]
 [ 0.          0.          0.          0.          0.          0.          0.
   0.69314718  0.          0.          0.          0.          0.          0.
   0.          0.          0.          1.38629436  0.          0.          0.
   0.        ]]
[[ 18.  18.  18.  18.  18.  18.  18.  18.  18.  18.  18.  18.  18.  18.
   18.  18.  18.  18.  18.  18.  18.  18.]
 [ 21.  21.  21.  21.  21.  21.  21.  21.  21.  21.  21.  21.  21.  21.
   21.  21.  21.  21.  21.  21.  21.  21.]]
[[ 3.68887945  3.68887945  3.68887945  3.68887945  3.68887945  3.68887945
   3.68887945  3.68887945  3.68887945  3.68887945  3.68887945  3.68887945
   3.68887945  3.68887945  3.68887945  3.68887945  3.68887945  3.68887945
   3.68887945  3.68887945  3.68887945  3.68887945]
 [ 3.76120012  3.76120012  3.76120012  3.76120012  3.76120012  3.76120012
   3.76120012  3.76120012  3.76120012  3.76120012  3.76120012  3.76120012
   3.76120012  3.76120012  3.76120012  3.76120012  3.76120012  3.76120012
   3.76120012  3.76120012  3.76120012  3.76120012]]
[-0.69314718 -0.69314718]
[-78.95812341 -81.36010818]
ham
T: 2016-05-01 17:31:23 #25 Log
{'love': 1, 'is': 2, 'what': 1, 'from': 1, 'how': 2, 'to': 1, 'mail': 1, 'you': 3, 'friend': 2, 'nice': 1, 'buy': 1, 'I': 1, 'virus': 3, 'hi': 1, 'facebook': 1, 'baby': 1, 'day': 1, 'a': 1, 'about': 2, 'this': 3, 'contact': 1, 'hello': 1}
['love', 'is', 'what', 'from', 'how', 'to', 'mail', 'you', 'friend', 'nice', 'buy', 'I', 'virus', 'hi', 'facebook', 'baby', 'day', 'a', 'about', 'this', 'contact', 'hello']
[[0, 1, 0, 0, 0, 0, 1, 0, 0, 0, 0, 0, 1, 1, 0, 0, 0, 1, 0, 1, 0, 1], [0, 1, 0, 1, 0, 0, 0, 0, 1, 0, 0, 0, 0, 1, 0, 0, 0, 0, 0, 1, 0, 0], [0, 1, 0, 0, 1, 0, 0, 0, 0, 0, 1, 0, 1, 1, 0, 0, 0, 1, 1, 1, 0, 0], [0, 0, 0, 0, 0, 1, 0, 1, 1, 0, 0, 0, 0, 0, 1, 0, 0, 1, 0, 0, 1, 0], [1, 0, 0, 0, 0, 0, 0, 1, 0, 0, 0, 1, 1, 0, 0, 1, 0, 1, 0, 0, 0, 0], [0, 0, 1, 0, 1, 0, 0, 1, 0, 1, 0, 0, 0, 0, 0, 0, 1, 1, 1, 0, 0, 0]]
{'ham': array([ 0.,  1.,  1.,  1.,  1.,  1.,  0.,  2.,  2.,  1.,  0.,  0.,  0.,
        1.,  1.,  0.,  1.,  2.,  1.,  1.,  1.,  0.]), 'spam': array([ 1.,  2.,  0.,  0.,  1.,  0.,  1.,  1.,  0.,  0.,  1.,  1.,  3.,
        2.,  0.,  1.,  0.,  3.,  1.,  2.,  0.,  1.])}
{'ham': 18.0, 'spam': 21.0}
2
[[ 0.  1.  1.  1.  1.  1.  0.  2.  2.  1.  0.  0.  0.  1.  1.  0.  1.  2.
   1.  1.  1.  0.]
 [ 1.  2.  0.  0.  1.  0.  1.  1.  0.  0.  1.  1.  3.  2.  0.  1.  0.  3.
   1.  2.  0.  1.]]
[ 18.  21.]
['ham' 'spam']
[3 3]
[[ 0.  0.  0.  0.  0.  0.  0.  0.  0.  0.  0.  0.  0.  0.  0.  0.  0.  2.
   0.  0.  0.  0.]
 [ 0.  0.  0.  0.  0.  0.  0.  0.  0.  0.  0.  0.  3.  0.  0.  0.  0.  3.
   0.  0.  0.  0.]]
[[ 0.          0.          0.          0.          0.          0.          0.
   0.          0.          0.          0.          0.          0.          0.
   0.          0.          0.          1.09861229  0.          0.          0.
   0.        ]
 [ 0.          0.          0.          0.          0.          0.          0.
   0.          0.          0.          0.          0.          1.38629436
   0.          0.          0.          0.          1.38629436  0.          0.
   0.          0.        ]]
[[ 18.  18.  18.  18.  18.  18.  18.  18.  18.  18.  18.  18.  18.  18.
   18.  18.  18.  18.  18.  18.  18.  18.]
 [ 21.  21.  21.  21.  21.  21.  21.  21.  21.  21.  21.  21.  21.  21.
   21.  21.  21.  21.  21.  21.  21.  21.]]
[[ 3.68887945  3.68887945  3.68887945  3.68887945  3.68887945  3.68887945
   3.68887945  3.68887945  3.68887945  3.68887945  3.68887945  3.68887945
   3.68887945  3.68887945  3.68887945  3.68887945  3.68887945  3.68887945
   3.68887945  3.68887945  3.68887945  3.68887945]
 [ 3.76120012  3.76120012  3.76120012  3.76120012  3.76120012  3.76120012
   3.76120012  3.76120012  3.76120012  3.76120012  3.76120012  3.76120012
   3.76120012  3.76120012  3.76120012  3.76120012  3.76120012  3.76120012
   3.76120012  3.76120012  3.76120012  3.76120012]]
[-0.69314718 -0.69314718]
[-80.74988288 -80.666961  ]
spam
T: 2016-05-01 17:31:29 #26 Log
{'love': 1, 'is': 2, 'what': 1, 'from': 1, 'how': 2, 'to': 1, 'mail': 1, 'you': 3, 'friend': 2, 'nice': 1, 'buy': 1, 'I': 1, 'virus': 3, 'hi': 1, 'facebook': 1, 'baby': 1, 'day': 1, 'a': 1, 'about': 2, 'this': 3, 'contact': 1, 'hello': 1}
['love', 'is', 'what', 'from', 'how', 'to', 'mail', 'you', 'friend', 'nice', 'buy', 'I', 'virus', 'hi', 'facebook', 'baby', 'day', 'a', 'about', 'this', 'contact', 'hello']
[[0, 1, 0, 0, 0, 0, 1, 0, 0, 0, 0, 0, 1, 1, 0, 0, 0, 1, 0, 1, 0, 1], [0, 1, 0, 1, 0, 0, 0, 0, 1, 0, 0, 0, 0, 1, 0, 0, 0, 0, 0, 1, 0, 0], [0, 1, 0, 0, 1, 0, 0, 0, 0, 0, 1, 0, 1, 1, 0, 0, 0, 1, 1, 1, 0, 0], [0, 0, 0, 0, 0, 1, 0, 1, 1, 0, 0, 0, 0, 0, 1, 0, 0, 1, 0, 0, 1, 0], [1, 0, 0, 0, 0, 0, 0, 1, 0, 0, 0, 1, 1, 0, 0, 1, 0, 1, 0, 0, 0, 0], [0, 0, 1, 0, 1, 0, 0, 1, 0, 1, 0, 0, 0, 0, 0, 0, 1, 1, 1, 0, 0, 0]]
{'ham': array([ 0.,  1.,  1.,  1.,  1.,  1.,  0.,  2.,  2.,  1.,  0.,  0.,  0.,
        1.,  1.,  0.,  1.,  2.,  1.,  1.,  1.,  0.]), 'spam': array([ 1.,  2.,  0.,  0.,  1.,  0.,  1.,  1.,  0.,  0.,  1.,  1.,  3.,
        2.,  0.,  1.,  0.,  3.,  1.,  2.,  0.,  1.])}
{'ham': 18.0, 'spam': 21.0}
2
[[ 0.  1.  1.  1.  1.  1.  0.  2.  2.  1.  0.  0.  0.  1.  1.  0.  1.  2.
   1.  1.  1.  0.]
 [ 1.  2.  0.  0.  1.  0.  1.  1.  0.  0.  1.  1.  3.  2.  0.  1.  0.  3.
   1.  2.  0.  1.]]
[ 18.  21.]
['ham' 'spam']
[3 3]
[[ 0.  0.  0.  0.  0.  0.  0.  0.  0.  0.  0.  0.  0.  0.  0.  0.  0.  0.
   0.  0.  0.  0.]
 [ 0.  0.  0.  0.  0.  0.  0.  0.  0.  0.  0.  0.  3.  0.  0.  0.  0.  0.
   0.  0.  0.  0.]]
[[ 0.          0.          0.          0.          0.          0.          0.
   0.          0.          0.          0.          0.          0.          0.
   0.          0.          0.          0.          0.          0.          0.
   0.        ]
 [ 0.          0.          0.          0.          0.          0.          0.
   0.          0.          0.          0.          0.          1.38629436
   0.          0.          0.          0.          0.          0.          0.
   0.          0.        ]]
[[ 18.  18.  18.  18.  18.  18.  18.  18.  18.  18.  18.  18.  18.  18.
   18.  18.  18.  18.  18.  18.  18.  18.]
 [ 21.  21.  21.  21.  21.  21.  21.  21.  21.  21.  21.  21.  21.  21.
   21.  21.  21.  21.  21.  21.  21.  21.]]
[[ 3.68887945  3.68887945  3.68887945  3.68887945  3.68887945  3.68887945
   3.68887945  3.68887945  3.68887945  3.68887945  3.68887945  3.68887945
   3.68887945  3.68887945  3.68887945  3.68887945  3.68887945  3.68887945
   3.68887945  3.68887945  3.68887945  3.68887945]
 [ 3.76120012  3.76120012  3.76120012  3.76120012  3.76120012  3.76120012
   3.76120012  3.76120012  3.76120012  3.76120012  3.76120012  3.76120012
   3.76120012  3.76120012  3.76120012  3.76120012  3.76120012  3.76120012
   3.76120012  3.76120012  3.76120012  3.76120012]]
[-0.69314718 -0.69314718]
[-81.84849517 -82.05325536]
ham
T: 2016-05-01 17:34:52 #27 Log
{'love': 1, 'is': 2, 'what': 1, 'from': 1, 'how': 2, 'to': 1, 'mail': 1, 'you': 3, 'friend': 2, 'nice': 1, 'buy': 1, 'I': 1, 'virus': 3, 'hi': 1, 'facebook': 1, 'baby': 1, 'day': 1, 'a': 1, 'about': 2, 'this': 3, 'contact': 1, 'hello': 1}
['love', 'is', 'what', 'from', 'how', 'to', 'mail', 'you', 'friend', 'nice', 'buy', 'I', 'virus', 'hi', 'facebook', 'baby', 'day', 'a', 'about', 'this', 'contact', 'hello']
[[0, 1, 0, 0, 0, 0, 1, 0, 0, 0, 0, 0, 1, 1, 0, 0, 0, 1, 0, 1, 0, 1], [0, 1, 0, 1, 0, 0, 0, 0, 1, 0, 0, 0, 0, 1, 0, 0, 0, 0, 0, 1, 0, 0], [0, 1, 0, 0, 1, 0, 0, 0, 0, 0, 1, 0, 1, 1, 0, 0, 0, 1, 1, 1, 0, 0], [0, 0, 0, 0, 0, 1, 0, 1, 1, 0, 0, 0, 0, 0, 1, 0, 0, 1, 0, 0, 1, 0], [1, 0, 0, 0, 0, 0, 0, 1, 0, 0, 0, 1, 1, 0, 0, 1, 0, 1, 0, 0, 0, 0], [0, 0, 1, 0, 1, 0, 0, 1, 0, 1, 0, 0, 0, 0, 0, 0, 1, 1, 1, 0, 0, 0]]
{'ham': array([ 0.,  1.,  1.,  1.,  1.,  1.,  0.,  2.,  2.,  1.,  0.,  0.,  0.,
        1.,  1.,  0.,  1.,  2.,  1.,  1.,  1.,  0.]), 'spam': array([ 1.,  2.,  0.,  0.,  1.,  0.,  1.,  1.,  0.,  0.,  1.,  1.,  3.,
        2.,  0.,  1.,  0.,  3.,  1.,  2.,  0.,  1.])}
{'ham': 18.0, 'spam': 21.0}
2
[[ 0.  1.  1.  1.  1.  1.  0.  2.  2.  1.  0.  0.  0.  1.  1.  0.  1.  2.
   1.  1.  1.  0.]
 [ 1.  2.  0.  0.  1.  0.  1.  1.  0.  0.  1.  1.  3.  2.  0.  1.  0.  3.
   1.  2.  0.  1.]]
[ 18.  21.]
['ham' 'spam']
[3 3]
[[ 0.  0.  0.  0.  0.  0.  0.  0.  0.  0.  0.  0.  0.  0.  0.  0.  0.  0.
   0.  0.  0.  0.]
 [ 0.  0.  0.  0.  0.  0.  0.  0.  0.  0.  0.  0.  0.  0.  0.  0.  0.  0.
   0.  0.  0.  0.]]
[[ 0.  0.  0.  0.  0.  0.  0.  0.  0.  0.  0.  0.  0.  0.  0.  0.  0.  0.
   0.  0.  0.  0.]
 [ 0.  0.  0.  0.  0.  0.  0.  0.  0.  0.  0.  0.  0.  0.  0.  0.  0.  0.
   0.  0.  0.  0.]]
[[ 18.  18.  18.  18.  18.  18.  18.  18.  18.  18.  18.  18.  18.  18.
   18.  18.  18.  18.  18.  18.  18.  18.]
 [ 21.  21.  21.  21.  21.  21.  21.  21.  21.  21.  21.  21.  21.  21.
   21.  21.  21.  21.  21.  21.  21.  21.]]
[[ 3.68887945  3.68887945  3.68887945  3.68887945  3.68887945  3.68887945
   3.68887945  3.68887945  3.68887945  3.68887945  3.68887945  3.68887945
   3.68887945  3.68887945  3.68887945  3.68887945  3.68887945  3.68887945
   3.68887945  3.68887945  3.68887945  3.68887945]
 [ 3.76120012  3.76120012  3.76120012  3.76120012  3.76120012  3.76120012
   3.76120012  3.76120012  3.76120012  3.76120012  3.76120012  3.76120012
   3.76120012  3.76120012  3.76120012  3.76120012  3.76120012  3.76120012
   3.76120012  3.76120012  3.76120012  3.76120012]]
[-0.69314718 -0.69314718]
[-81.84849517 -83.43954973]
ham
T: 2016-05-01 17:51:47 #28 Log
{'love': 1, 'is': 2, 'what': 1, 'from': 1, 'how': 2, 'to': 1, 'mail': 1, 'you': 3, 'friend': 2, 'nice': 1, 'buy': 1, 'I': 1, 'virus': 3, 'hi': 1, 'facebook': 1, 'baby': 1, 'day': 1, 'a': 1, 'about': 2, 'this': 3, 'contact': 1, 'hello': 1}
['love', 'is', 'what', 'from', 'how', 'to', 'mail', 'you', 'friend', 'nice', 'buy', 'I', 'virus', 'hi', 'facebook', 'baby', 'day', 'a', 'about', 'this', 'contact', 'hello']
[[0, 1, 0, 0, 0, 0, 1, 0, 0, 0, 0, 0, 1, 1, 0, 0, 0, 1, 0, 1, 0, 1], [0, 1, 0, 1, 0, 0, 0, 0, 1, 0, 0, 0, 0, 1, 0, 0, 0, 0, 0, 1, 0, 0], [0, 1, 0, 0, 1, 0, 0, 0, 0, 0, 1, 0, 1, 1, 0, 0, 0, 1, 1, 1, 0, 0], [0, 0, 0, 0, 0, 1, 0, 1, 1, 0, 0, 0, 0, 0, 1, 0, 0, 1, 0, 0, 1, 0], [1, 0, 0, 0, 0, 0, 0, 1, 0, 0, 0, 1, 1, 0, 0, 1, 0, 1, 0, 0, 0, 0], [0, 0, 1, 0, 1, 0, 0, 1, 0, 1, 0, 0, 0, 0, 0, 0, 1, 1, 1, 0, 0, 0]]
{'ham': array([ 0.,  1.,  1.,  1.,  1.,  1.,  0.,  2.,  2.,  1.,  0.,  0.,  0.,
        1.,  1.,  0.,  1.,  2.,  1.,  1.,  1.,  0.]), 'spam': array([ 1.,  2.,  0.,  0.,  1.,  0.,  1.,  1.,  0.,  0.,  1.,  1.,  3.,
        2.,  0.,  1.,  0.,  3.,  1.,  2.,  0.,  1.])}
{'ham': 18.0, 'spam': 21.0}
2
[[ 0.  1.  1.  1.  1.  1.  0.  2.  2.  1.  0.  0.  0.  1.  1.  0.  1.  2.
   1.  1.  1.  0.]
 [ 1.  2.  0.  0.  1.  0.  1.  1.  0.  0.  1.  1.  3.  2.  0.  1.  0.  3.
   1.  2.  0.  1.]]
[ 18.  21.]
['ham' 'spam']
[3 3]
[[ 0.  0.  0.  0.  0.  0.  0.  0.  0.  0.  0.  0.  0.  0.  0.  0.  0.  2.
   0.  0.  0.  0.]
 [ 0.  0.  0.  0.  0.  0.  0.  0.  0.  0.  0.  0.  3.  0.  0.  0.  0.  3.
   0.  0.  0.  0.]]
[[ 0.          0.          0.          0.          0.          0.          0.
   0.          0.          0.          0.          0.          0.          0.
   0.          0.          0.          1.09861229  0.          0.          0.
   0.        ]
 [ 0.          0.          0.          0.          0.          0.          0.
   0.          0.          0.          0.          0.          1.38629436
   0.          0.          0.          0.          1.38629436  0.          0.
   0.          0.        ]]
[[ 18.  18.  18.  18.  18.  18.  18.  18.  18.  18.  18.  18.  18.  18.
   18.  18.  18.  18.  18.  18.  18.  18.]
 [ 21.  21.  21.  21.  21.  21.  21.  21.  21.  21.  21.  21.  21.  21.
   21.  21.  21.  21.  21.  21.  21.  21.]]
[[ 3.68887945  3.68887945  3.68887945  3.68887945  3.68887945  3.68887945
   3.68887945  3.68887945  3.68887945  3.68887945  3.68887945  3.68887945
   3.68887945  3.68887945  3.68887945  3.68887945  3.68887945  3.68887945
   3.68887945  3.68887945  3.68887945  3.68887945]
 [ 3.76120012  3.76120012  3.76120012  3.76120012  3.76120012  3.76120012
   3.76120012  3.76120012  3.76120012  3.76120012  3.76120012  3.76120012
   3.76120012  3.76120012  3.76120012  3.76120012  3.76120012  3.76120012
   3.76120012  3.76120012  3.76120012  3.76120012]]
[-0.69314718 -0.69314718]
[-80.74988288 -80.666961  ]
spam
T: 2016-05-01 17:54:53 #29 Log
{'love': 1, 'is': 2, 'what': 1, 'from': 1, 'how': 2, 'to': 1, 'mail': 1, 'you': 3, 'friend': 2, 'nice': 1, 'buy': 1, 'I': 1, 'virus': 3, 'hi': 1, 'facebook': 1, 'baby': 1, 'day': 1, 'a': 1, 'about': 2, 'this': 3, 'contact': 1, 'hello': 1}
['love', 'is', 'what', 'from', 'how', 'to', 'mail', 'you', 'friend', 'nice', 'buy', 'I', 'virus', 'hi', 'facebook', 'baby', 'day', 'a', 'about', 'this', 'contact', 'hello']
[[0, 1, 0, 0, 0, 0, 1, 0, 0, 0, 0, 0, 1, 0, 0, 0, 0, 0, 0, 1, 0, 1], [0, 1, 0, 1, 0, 0, 0, 0, 1, 0, 0, 0, 0, 1, 0, 0, 0, 0, 0, 1, 0, 0], [0, 0, 0, 0, 1, 0, 0, 0, 0, 0, 1, 0, 1, 0, 0, 0, 0, 0, 1, 1, 0, 0], [0, 0, 0, 0, 0, 1, 0, 1, 1, 0, 0, 0, 0, 0, 1, 0, 0, 0, 0, 0, 1, 0], [1, 0, 0, 0, 0, 0, 0, 1, 0, 0, 0, 1, 1, 0, 0, 1, 0, 0, 0, 0, 0, 0], [0, 0, 1, 0, 1, 0, 0, 1, 0, 1, 0, 0, 0, 0, 0, 0, 1, 1, 1, 0, 0, 0]]
{'ham': array([ 0.,  1.,  1.,  1.,  1.,  1.,  0.,  2.,  2.,  1.,  0.,  0.,  0.,
        1.,  1.,  0.,  1.,  1.,  1.,  1.,  1.,  0.]), 'spam': array([ 1.,  1.,  0.,  0.,  1.,  0.,  1.,  1.,  0.,  0.,  1.,  1.,  3.,
        0.,  0.,  1.,  0.,  0.,  1.,  2.,  0.,  1.])}
{'ham': 17.0, 'spam': 15.0}
2
[[ 0.  1.  1.  1.  1.  1.  0.  2.  2.  1.  0.  0.  0.  1.  1.  0.  1.  1.
   1.  1.  1.  0.]
 [ 1.  1.  0.  0.  1.  0.  1.  1.  0.  0.  1.  1.  3.  0.  0.  1.  0.  0.
   1.  2.  0.  1.]]
[ 17.  15.]
['ham' 'spam']
[3 3]
[[ 0.  0.  0.  0.  0.  0.  0.  0.  0.  0.  0.  0.  0.  0.  0.  0.  0.  1.
   0.  0.  0.  0.]
 [ 0.  0.  0.  0.  0.  0.  0.  0.  0.  0.  0.  0.  3.  0.  0.  0.  0.  0.
   0.  0.  0.  0.]]
[[ 0.          0.          0.          0.          0.          0.          0.
   0.          0.          0.          0.          0.          0.          0.
   0.          0.          0.          0.69314718  0.          0.          0.
   0.        ]
 [ 0.          0.          0.          0.          0.          0.          0.
   0.          0.          0.          0.          0.          1.38629436
   0.          0.          0.          0.          0.          0.          0.
   0.          0.        ]]
[[ 17.  17.  17.  17.  17.  17.  17.  17.  17.  17.  17.  17.  17.  17.
   17.  17.  17.  17.  17.  17.  17.  17.]
 [ 15.  15.  15.  15.  15.  15.  15.  15.  15.  15.  15.  15.  15.  15.
   15.  15.  15.  15.  15.  15.  15.  15.]]
[[ 3.66356165  3.66356165  3.66356165  3.66356165  3.66356165  3.66356165
   3.66356165  3.66356165  3.66356165  3.66356165  3.66356165  3.66356165
   3.66356165  3.66356165  3.66356165  3.66356165  3.66356165  3.66356165
   3.66356165  3.66356165  3.66356165  3.66356165]
 [ 3.61091791  3.61091791  3.61091791  3.61091791  3.61091791  3.61091791
   3.61091791  3.61091791  3.61091791  3.61091791  3.61091791  3.61091791
   3.61091791  3.61091791  3.61091791  3.61091791  3.61091791  3.61091791
   3.61091791  3.61091791  3.61091791  3.61091791]]
[-0.69314718 -0.69314718]
[-80.59835621 -78.7470469 ]
spam
T: 2016-05-01 17:57:23 #30 Log
{'love': 1, 'is': 2, 'what': 1, 'from': 1, 'how': 2, 'to': 1, 'mail': 1, 'you': 3, 'friend': 2, 'nice': 1, 'buy': 1, 'I': 1, 'virus': 3, 'hi': 1, 'facebook': 1, 'baby': 1, 'day': 1, 'a': 1, 'about': 2, 'this': 3, 'contact': 1, 'hello': 1}
['love', 'is', 'what', 'from', 'how', 'to', 'mail', 'you', 'friend', 'nice', 'buy', 'I', 'virus', 'hi', 'facebook', 'baby', 'day', 'a', 'about', 'this', 'contact', 'hello']
[[0, 1, 0, 0, 0, 0, 1, 0, 0, 0, 0, 0, 1, 0, 0, 0, 0, 0, 0, 1, 0, 1], [0, 1, 0, 1, 0, 0, 0, 0, 1, 0, 0, 0, 0, 1, 0, 0, 0, 0, 0, 1, 0, 0], [0, 0, 0, 0, 1, 0, 0, 0, 0, 0, 1, 0, 1, 0, 0, 0, 0, 0, 1, 1, 0, 0], [0, 0, 0, 0, 0, 1, 0, 1, 1, 0, 0, 0, 0, 0, 1, 0, 0, 0, 0, 0, 1, 0], [1, 0, 0, 0, 0, 0, 0, 1, 0, 0, 0, 1, 1, 0, 0, 1, 0, 0, 0, 0, 0, 0], [0, 0, 1, 0, 1, 0, 0, 1, 0, 1, 0, 0, 0, 0, 0, 0, 1, 1, 1, 0, 0, 0]]
{'ham': array([ 0.,  1.,  1.,  1.,  1.,  1.,  0.,  2.,  2.,  1.,  0.,  0.,  0.,
        1.,  1.,  0.,  1.,  1.,  1.,  1.,  1.,  0.]), 'spam': array([ 1.,  1.,  0.,  0.,  1.,  0.,  1.,  1.,  0.,  0.,  1.,  1.,  3.,
        0.,  0.,  1.,  0.,  0.,  1.,  2.,  0.,  1.])}
{'ham': 17.0, 'spam': 15.0}
2
[[ 0.  1.  1.  1.  1.  1.  0.  2.  2.  1.  0.  0.  0.  1.  1.  0.  1.  1.
   1.  1.  1.  0.]
 [ 1.  1.  0.  0.  1.  0.  1.  1.  0.  0.  1.  1.  3.  0.  0.  1.  0.  0.
   1.  2.  0.  1.]]
[ 17.  15.]
['ham' 'spam']
[3 3]
[[ 0.  0.  0.  0.  0.  0.  0.  0.  0.  0.  0.  0.  0.  0.  0.  0.  0.  0.
   0.  0.  0.  0.]
 [ 0.  0.  0.  0.  0.  0.  0.  0.  0.  0.  0.  0.  0.  0.  0.  0.  0.  0.
   0.  0.  0.  0.]]
[[ 0.  0.  0.  0.  0.  0.  0.  0.  0.  0.  0.  0.  0.  0.  0.  0.  0.  0.
   0.  0.  0.  0.]
 [ 0.  0.  0.  0.  0.  0.  0.  0.  0.  0.  0.  0.  0.  0.  0.  0.  0.  0.
   0.  0.  0.  0.]]
[[ 17.  17.  17.  17.  17.  17.  17.  17.  17.  17.  17.  17.  17.  17.
   17.  17.  17.  17.  17.  17.  17.  17.]
 [ 15.  15.  15.  15.  15.  15.  15.  15.  15.  15.  15.  15.  15.  15.
   15.  15.  15.  15.  15.  15.  15.  15.]]
[[ 3.66356165  3.66356165  3.66356165  3.66356165  3.66356165  3.66356165
   3.66356165  3.66356165  3.66356165  3.66356165  3.66356165  3.66356165
   3.66356165  3.66356165  3.66356165  3.66356165  3.66356165  3.66356165
   3.66356165  3.66356165  3.66356165  3.66356165]
 [ 3.61091791  3.61091791  3.61091791  3.61091791  3.61091791  3.61091791
   3.61091791  3.61091791  3.61091791  3.61091791  3.61091791  3.61091791
   3.61091791  3.61091791  3.61091791  3.61091791  3.61091791  3.61091791
   3.61091791  3.61091791  3.61091791  3.61091791]]
[-0.69314718 -0.69314718]
[-81.2915034  -80.13334126]
spam
T: 2016-05-01 17:57:43 #31 Log
{'love': 1, 'is': 2, 'what': 1, 'from': 1, 'how': 2, 'to': 1, 'mail': 1, 'you': 3, 'friend': 2, 'nice': 1, 'buy': 1, 'I': 1, 'virus': 3, 'hi': 1, 'facebook': 1, 'baby': 1, 'day': 1, 'a': 1, 'about': 2, 'this': 3, 'contact': 1, 'hello': 1}
['love', 'is', 'what', 'from', 'how', 'to', 'mail', 'you', 'friend', 'nice', 'buy', 'I', 'virus', 'hi', 'facebook', 'baby', 'day', 'a', 'about', 'this', 'contact', 'hello']
[[0, 1, 0, 0, 0, 0, 1, 0, 0, 0, 0, 0, 1, 0, 0, 0, 0, 0, 0, 1, 0, 1], [0, 1, 0, 1, 0, 0, 0, 0, 1, 0, 0, 0, 0, 1, 0, 0, 0, 0, 0, 1, 0, 0], [0, 0, 0, 0, 1, 0, 0, 0, 0, 0, 1, 0, 1, 0, 0, 0, 0, 0, 1, 1, 0, 0], [0, 0, 0, 0, 0, 1, 0, 1, 1, 0, 0, 0, 0, 0, 1, 0, 0, 0, 0, 0, 1, 0], [1, 0, 0, 0, 0, 0, 0, 1, 0, 0, 0, 1, 1, 0, 0, 1, 0, 0, 0, 0, 0, 0], [0, 0, 1, 0, 1, 0, 0, 1, 0, 1, 0, 0, 0, 0, 0, 0, 1, 1, 1, 0, 0, 0]]
{'ham': array([ 0.,  1.,  1.,  1.,  1.,  1.,  0.,  2.,  2.,  1.,  0.,  0.,  0.,
        1.,  1.,  0.,  1.,  1.,  1.,  1.,  1.,  0.]), 'spam': array([ 1.,  1.,  0.,  0.,  1.,  0.,  1.,  1.,  0.,  0.,  1.,  1.,  3.,
        0.,  0.,  1.,  0.,  0.,  1.,  2.,  0.,  1.])}
{'ham': 17.0, 'spam': 15.0}
2
[[ 0.  1.  1.  1.  1.  1.  0.  2.  2.  1.  0.  0.  0.  1.  1.  0.  1.  1.
   1.  1.  1.  0.]
 [ 1.  1.  0.  0.  1.  0.  1.  1.  0.  0.  1.  1.  3.  0.  0.  1.  0.  0.
   1.  2.  0.  1.]]
[ 17.  15.]
['ham' 'spam']
[3 3]
[[ 0.  0.  0.  0.  0.  0.  0.  0.  0.  1.  0.  0.  0.  0.  0.  0.  1.  0.
   0.  0.  0.  0.]
 [ 0.  0.  0.  0.  0.  0.  0.  0.  0.  0.  0.  0.  0.  0.  0.  0.  0.  0.
   0.  0.  0.  0.]]
[[ 0.          0.          0.          0.          0.          0.          0.
   0.          0.          0.69314718  0.          0.          0.          0.
   0.          0.          0.69314718  0.          0.          0.          0.
   0.        ]
 [ 0.          0.          0.          0.          0.          0.          0.
   0.          0.          0.          0.          0.          0.          0.
   0.          0.          0.          0.          0.          0.          0.
   0.        ]]
[[ 17.  17.  17.  17.  17.  17.  17.  17.  17.  17.  17.  17.  17.  17.
   17.  17.  17.  17.  17.  17.  17.  17.]
 [ 15.  15.  15.  15.  15.  15.  15.  15.  15.  15.  15.  15.  15.  15.
   15.  15.  15.  15.  15.  15.  15.  15.]]
[[ 3.66356165  3.66356165  3.66356165  3.66356165  3.66356165  3.66356165
   3.66356165  3.66356165  3.66356165  3.66356165  3.66356165  3.66356165
   3.66356165  3.66356165  3.66356165  3.66356165  3.66356165  3.66356165
   3.66356165  3.66356165  3.66356165  3.66356165]
 [ 3.61091791  3.61091791  3.61091791  3.61091791  3.61091791  3.61091791
   3.61091791  3.61091791  3.61091791  3.61091791  3.61091791  3.61091791
   3.61091791  3.61091791  3.61091791  3.61091791  3.61091791  3.61091791
   3.61091791  3.61091791  3.61091791  3.61091791]]
[-0.69314718 -0.69314718]
[-79.90520903 -80.13334126]
ham
T: 2016-05-01 17:57:51 #32 Log
{'love': 1, 'is': 2, 'what': 1, 'from': 1, 'how': 2, 'to': 1, 'mail': 1, 'you': 3, 'friend': 2, 'nice': 1, 'buy': 1, 'I': 1, 'virus': 3, 'hi': 1, 'facebook': 1, 'baby': 1, 'day': 1, 'a': 1, 'about': 2, 'this': 3, 'contact': 1, 'hello': 1}
['love', 'is', 'what', 'from', 'how', 'to', 'mail', 'you', 'friend', 'nice', 'buy', 'I', 'virus', 'hi', 'facebook', 'baby', 'day', 'a', 'about', 'this', 'contact', 'hello']
[[0, 1, 0, 0, 0, 0, 1, 0, 0, 0, 0, 0, 1, 0, 0, 0, 0, 0, 0, 1, 0, 1], [0, 1, 0, 1, 0, 0, 0, 0, 1, 0, 0, 0, 0, 1, 0, 0, 0, 0, 0, 1, 0, 0], [0, 0, 0, 0, 1, 0, 0, 0, 0, 0, 1, 0, 1, 0, 0, 0, 0, 0, 1, 1, 0, 0], [0, 0, 0, 0, 0, 1, 0, 1, 1, 0, 0, 0, 0, 0, 1, 0, 0, 0, 0, 0, 1, 0], [1, 0, 0, 0, 0, 0, 0, 1, 0, 0, 0, 1, 1, 0, 0, 1, 0, 0, 0, 0, 0, 0], [0, 0, 1, 0, 1, 0, 0, 1, 0, 1, 0, 0, 0, 0, 0, 0, 1, 1, 1, 0, 0, 0]]
{'ham': array([ 0.,  1.,  1.,  1.,  1.,  1.,  0.,  2.,  2.,  1.,  0.,  0.,  0.,
        1.,  1.,  0.,  1.,  1.,  1.,  1.,  1.,  0.]), 'spam': array([ 1.,  1.,  0.,  0.,  1.,  0.,  1.,  1.,  0.,  0.,  1.,  1.,  3.,
        0.,  0.,  1.,  0.,  0.,  1.,  2.,  0.,  1.])}
{'ham': 17.0, 'spam': 15.0}
2
[[ 0.  1.  1.  1.  1.  1.  0.  2.  2.  1.  0.  0.  0.  1.  1.  0.  1.  1.
   1.  1.  1.  0.]
 [ 1.  1.  0.  0.  1.  0.  1.  1.  0.  0.  1.  1.  3.  0.  0.  1.  0.  0.
   1.  2.  0.  1.]]
[ 17.  15.]
['ham' 'spam']
[3 3]
[[ 0.  0.  0.  0.  0.  0.  0.  0.  0.  1.  0.  0.  0.  0.  0.  0.  1.  0.
   0.  0.  0.  0.]
 [ 0.  0.  0.  0.  0.  0.  0.  0.  0.  0.  0.  0.  3.  0.  0.  0.  0.  0.
   0.  0.  0.  0.]]
[[ 0.          0.          0.          0.          0.          0.          0.
   0.          0.          0.69314718  0.          0.          0.          0.
   0.          0.          0.69314718  0.          0.          0.          0.
   0.        ]
 [ 0.          0.          0.          0.          0.          0.          0.
   0.          0.          0.          0.          0.          1.38629436
   0.          0.          0.          0.          0.          0.          0.
   0.          0.        ]]
[[ 17.  17.  17.  17.  17.  17.  17.  17.  17.  17.  17.  17.  17.  17.
   17.  17.  17.  17.  17.  17.  17.  17.]
 [ 15.  15.  15.  15.  15.  15.  15.  15.  15.  15.  15.  15.  15.  15.
   15.  15.  15.  15.  15.  15.  15.  15.]]
[[ 3.66356165  3.66356165  3.66356165  3.66356165  3.66356165  3.66356165
   3.66356165  3.66356165  3.66356165  3.66356165  3.66356165  3.66356165
   3.66356165  3.66356165  3.66356165  3.66356165  3.66356165  3.66356165
   3.66356165  3.66356165  3.66356165  3.66356165]
 [ 3.61091791  3.61091791  3.61091791  3.61091791  3.61091791  3.61091791
   3.61091791  3.61091791  3.61091791  3.61091791  3.61091791  3.61091791
   3.61091791  3.61091791  3.61091791  3.61091791  3.61091791  3.61091791
   3.61091791  3.61091791  3.61091791  3.61091791]]
[-0.69314718 -0.69314718]
[-79.90520903 -78.7470469 ]
spam
T: 2016-05-01 17:57:58 #33 Log
{'love': 1, 'is': 2, 'what': 1, 'from': 1, 'how': 2, 'to': 1, 'mail': 1, 'you': 3, 'friend': 2, 'nice': 1, 'buy': 1, 'I': 1, 'virus': 3, 'hi': 1, 'facebook': 1, 'baby': 1, 'day': 1, 'a': 1, 'about': 2, 'this': 3, 'contact': 1, 'hello': 1}
['love', 'is', 'what', 'from', 'how', 'to', 'mail', 'you', 'friend', 'nice', 'buy', 'I', 'virus', 'hi', 'facebook', 'baby', 'day', 'a', 'about', 'this', 'contact', 'hello']
[[0, 1, 0, 0, 0, 0, 1, 0, 0, 0, 0, 0, 1, 0, 0, 0, 0, 0, 0, 1, 0, 1], [0, 1, 0, 1, 0, 0, 0, 0, 1, 0, 0, 0, 0, 1, 0, 0, 0, 0, 0, 1, 0, 0], [0, 0, 0, 0, 1, 0, 0, 0, 0, 0, 1, 0, 1, 0, 0, 0, 0, 0, 1, 1, 0, 0], [0, 0, 0, 0, 0, 1, 0, 1, 1, 0, 0, 0, 0, 0, 1, 0, 0, 0, 0, 0, 1, 0], [1, 0, 0, 0, 0, 0, 0, 1, 0, 0, 0, 1, 1, 0, 0, 1, 0, 0, 0, 0, 0, 0], [0, 0, 1, 0, 1, 0, 0, 1, 0, 1, 0, 0, 0, 0, 0, 0, 1, 1, 1, 0, 0, 0]]
{'ham': array([ 0.,  1.,  1.,  1.,  1.,  1.,  0.,  2.,  2.,  1.,  0.,  0.,  0.,
        1.,  1.,  0.,  1.,  1.,  1.,  1.,  1.,  0.]), 'spam': array([ 1.,  1.,  0.,  0.,  1.,  0.,  1.,  1.,  0.,  0.,  1.,  1.,  3.,
        0.,  0.,  1.,  0.,  0.,  1.,  2.,  0.,  1.])}
{'ham': 17.0, 'spam': 15.0}
2
[[ 0.  1.  1.  1.  1.  1.  0.  2.  2.  1.  0.  0.  0.  1.  1.  0.  1.  1.
   1.  1.  1.  0.]
 [ 1.  1.  0.  0.  1.  0.  1.  1.  0.  0.  1.  1.  3.  0.  0.  1.  0.  0.
   1.  2.  0.  1.]]
[ 17.  15.]
['ham' 'spam']
[3 3]
[[ 0.  0.  0.  0.  0.  0.  0.  0.  0.  1.  0.  0.  0.  0.  0.  0.  1.  0.
   0.  0.  0.  0.]
 [ 0.  0.  0.  0.  0.  0.  0.  0.  0.  0.  0.  0.  0.  0.  0.  0.  0.  0.
   0.  0.  0.  0.]]
[[ 0.          0.          0.          0.          0.          0.          0.
   0.          0.          0.69314718  0.          0.          0.          0.
   0.          0.          0.69314718  0.          0.          0.          0.
   0.        ]
 [ 0.          0.          0.          0.          0.          0.          0.
   0.          0.          0.          0.          0.          0.          0.
   0.          0.          0.          0.          0.          0.          0.
   0.        ]]
[[ 17.  17.  17.  17.  17.  17.  17.  17.  17.  17.  17.  17.  17.  17.
   17.  17.  17.  17.  17.  17.  17.  17.]
 [ 15.  15.  15.  15.  15.  15.  15.  15.  15.  15.  15.  15.  15.  15.
   15.  15.  15.  15.  15.  15.  15.  15.]]
[[ 3.66356165  3.66356165  3.66356165  3.66356165  3.66356165  3.66356165
   3.66356165  3.66356165  3.66356165  3.66356165  3.66356165  3.66356165
   3.66356165  3.66356165  3.66356165  3.66356165  3.66356165  3.66356165
   3.66356165  3.66356165  3.66356165  3.66356165]
 [ 3.61091791  3.61091791  3.61091791  3.61091791  3.61091791  3.61091791
   3.61091791  3.61091791  3.61091791  3.61091791  3.61091791  3.61091791
   3.61091791  3.61091791  3.61091791  3.61091791  3.61091791  3.61091791
   3.61091791  3.61091791  3.61091791  3.61091791]]
[-0.69314718 -0.69314718]
[-79.90520903 -80.13334126]
ham
T: 2016-05-01 17:58:05 #34 Log
{'love': 1, 'is': 2, 'what': 1, 'from': 1, 'how': 2, 'to': 1, 'mail': 1, 'you': 3, 'friend': 2, 'nice': 1, 'buy': 1, 'I': 1, 'virus': 3, 'hi': 1, 'facebook': 1, 'baby': 1, 'day': 1, 'a': 1, 'about': 2, 'this': 3, 'contact': 1, 'hello': 1}
['love', 'is', 'what', 'from', 'how', 'to', 'mail', 'you', 'friend', 'nice', 'buy', 'I', 'virus', 'hi', 'facebook', 'baby', 'day', 'a', 'about', 'this', 'contact', 'hello']
[[0, 1, 0, 0, 0, 0, 1, 0, 0, 0, 0, 0, 1, 0, 0, 0, 0, 0, 0, 1, 0, 1], [0, 1, 0, 1, 0, 0, 0, 0, 1, 0, 0, 0, 0, 1, 0, 0, 0, 0, 0, 1, 0, 0], [0, 0, 0, 0, 1, 0, 0, 0, 0, 0, 1, 0, 1, 0, 0, 0, 0, 0, 1, 1, 0, 0], [0, 0, 0, 0, 0, 1, 0, 1, 1, 0, 0, 0, 0, 0, 1, 0, 0, 0, 0, 0, 1, 0], [1, 0, 0, 0, 0, 0, 0, 1, 0, 0, 0, 1, 1, 0, 0, 1, 0, 0, 0, 0, 0, 0], [0, 0, 1, 0, 1, 0, 0, 1, 0, 1, 0, 0, 0, 0, 0, 0, 1, 1, 1, 0, 0, 0]]
{'ham': array([ 0.,  1.,  1.,  1.,  1.,  1.,  0.,  2.,  2.,  1.,  0.,  0.,  0.,
        1.,  1.,  0.,  1.,  1.,  1.,  1.,  1.,  0.]), 'spam': array([ 1.,  1.,  0.,  0.,  1.,  0.,  1.,  1.,  0.,  0.,  1.,  1.,  3.,
        0.,  0.,  1.,  0.,  0.,  1.,  2.,  0.,  1.])}
{'ham': 17.0, 'spam': 15.0}
2
[[ 0.  1.  1.  1.  1.  1.  0.  2.  2.  1.  0.  0.  0.  1.  1.  0.  1.  1.
   1.  1.  1.  0.]
 [ 1.  1.  0.  0.  1.  0.  1.  1.  0.  0.  1.  1.  3.  0.  0.  1.  0.  0.
   1.  2.  0.  1.]]
[ 17.  15.]
['ham' 'spam']
[3 3]
[[ 0.  0.  0.  0.  0.  0.  0.  0.  0.  1.  0.  0.  0.  0.  0.  0.  1.  0.
   0.  1.  0.  0.]
 [ 0.  0.  0.  0.  0.  0.  0.  0.  0.  0.  0.  0.  0.  0.  0.  0.  0.  0.
   0.  2.  0.  0.]]
[[ 0.          0.          0.          0.          0.          0.          0.
   0.          0.          0.69314718  0.          0.          0.          0.
   0.          0.          0.69314718  0.          0.          0.69314718
   0.          0.        ]
 [ 0.          0.          0.          0.          0.          0.          0.
   0.          0.          0.          0.          0.          0.          0.
   0.          0.          0.          0.          0.          1.09861229
   0.          0.        ]]
[[ 17.  17.  17.  17.  17.  17.  17.  17.  17.  17.  17.  17.  17.  17.
   17.  17.  17.  17.  17.  17.  17.  17.]
 [ 15.  15.  15.  15.  15.  15.  15.  15.  15.  15.  15.  15.  15.  15.
   15.  15.  15.  15.  15.  15.  15.  15.]]
[[ 3.66356165  3.66356165  3.66356165  3.66356165  3.66356165  3.66356165
   3.66356165  3.66356165  3.66356165  3.66356165  3.66356165  3.66356165
   3.66356165  3.66356165  3.66356165  3.66356165  3.66356165  3.66356165
   3.66356165  3.66356165  3.66356165  3.66356165]
 [ 3.61091791  3.61091791  3.61091791  3.61091791  3.61091791  3.61091791
   3.61091791  3.61091791  3.61091791  3.61091791  3.61091791  3.61091791
   3.61091791  3.61091791  3.61091791  3.61091791  3.61091791  3.61091791
   3.61091791  3.61091791  3.61091791  3.61091791]]
[-0.69314718 -0.69314718]
[-79.21206185 -79.03472897]
spam
T: 2016-05-01 17:58:35 #35 Log
{'love': 1, 'is': 2, 'what': 1, 'from': 1, 'how': 2, 'to': 1, 'mail': 1, 'you': 3, 'friend': 2, 'nice': 1, 'buy': 1, 'I': 1, 'virus': 3, 'hi': 1, 'facebook': 1, 'baby': 1, 'day': 1, 'a': 1, 'about': 2, 'this': 3, 'contact': 1, 'hello': 1}
['love', 'is', 'what', 'from', 'how', 'to', 'mail', 'you', 'friend', 'nice', 'buy', 'I', 'virus', 'hi', 'facebook', 'baby', 'day', 'a', 'about', 'this', 'contact', 'hello']
[[0, 1, 0, 0, 0, 0, 1, 0, 0, 0, 0, 0, 1, 0, 0, 0, 0, 0, 0, 1, 0, 1], [0, 1, 0, 1, 0, 0, 0, 0, 1, 0, 0, 0, 0, 1, 0, 0, 0, 0, 0, 1, 0, 0], [0, 0, 0, 0, 1, 0, 0, 0, 0, 0, 1, 0, 1, 0, 0, 0, 0, 0, 1, 1, 0, 0], [0, 0, 0, 0, 0, 1, 0, 1, 1, 0, 0, 0, 0, 0, 1, 0, 0, 0, 0, 0, 1, 0], [1, 0, 0, 0, 0, 0, 0, 1, 0, 0, 0, 1, 1, 0, 0, 1, 0, 0, 0, 0, 0, 0], [0, 0, 1, 0, 1, 0, 0, 1, 0, 1, 0, 0, 0, 0, 0, 0, 1, 1, 1, 0, 0, 0]]
{'ham': array([ 0.,  1.,  1.,  1.,  1.,  1.,  0.,  2.,  2.,  1.,  0.,  0.,  0.,
        1.,  1.,  0.,  1.,  1.,  1.,  1.,  1.,  0.]), 'spam': array([ 1.,  1.,  0.,  0.,  1.,  0.,  1.,  1.,  0.,  0.,  1.,  1.,  3.,
        0.,  0.,  1.,  0.,  0.,  1.,  2.,  0.,  1.])}
{'ham': 17.0, 'spam': 15.0}
2
[[ 0.  1.  1.  1.  1.  1.  0.  2.  2.  1.  0.  0.  0.  1.  1.  0.  1.  1.
   1.  1.  1.  0.]
 [ 1.  1.  0.  0.  1.  0.  1.  1.  0.  0.  1.  1.  3.  0.  0.  1.  0.  0.
   1.  2.  0.  1.]]
[ 17.  15.]
['ham' 'spam']
[3 3]
[[ 0.  0.  0.  0.  0.  0.  0.  0.  0.  1.  0.  0.  0.  0.  1.  0.  0.  0.
   0.  1.  0.  0.]
 [ 0.  0.  0.  0.  0.  0.  0.  0.  0.  0.  0.  0.  0.  0.  0.  0.  0.  0.
   0.  2.  0.  0.]]
[[ 0.          0.          0.          0.          0.          0.          0.
   0.          0.          0.69314718  0.          0.          0.          0.
   0.69314718  0.          0.          0.          0.          0.69314718
   0.          0.        ]
 [ 0.          0.          0.          0.          0.          0.          0.
   0.          0.          0.          0.          0.          0.          0.
   0.          0.          0.          0.          0.          1.09861229
   0.          0.        ]]
[[ 17.  17.  17.  17.  17.  17.  17.  17.  17.  17.  17.  17.  17.  17.
   17.  17.  17.  17.  17.  17.  17.  17.]
 [ 15.  15.  15.  15.  15.  15.  15.  15.  15.  15.  15.  15.  15.  15.
   15.  15.  15.  15.  15.  15.  15.  15.]]
[[ 3.66356165  3.66356165  3.66356165  3.66356165  3.66356165  3.66356165
   3.66356165  3.66356165  3.66356165  3.66356165  3.66356165  3.66356165
   3.66356165  3.66356165  3.66356165  3.66356165  3.66356165  3.66356165
   3.66356165  3.66356165  3.66356165  3.66356165]
 [ 3.61091791  3.61091791  3.61091791  3.61091791  3.61091791  3.61091791
   3.61091791  3.61091791  3.61091791  3.61091791  3.61091791  3.61091791
   3.61091791  3.61091791  3.61091791  3.61091791  3.61091791  3.61091791
   3.61091791  3.61091791  3.61091791  3.61091791]]
[-0.69314718 -0.69314718]
[-79.21206185 -79.03472897]
spam
T: 2016-05-01 17:58:47 #36 Log
{'love': 1, 'is': 2, 'what': 1, 'from': 1, 'how': 2, 'to': 1, 'mail': 1, 'you': 3, 'friend': 2, 'nice': 1, 'buy': 1, 'I': 1, 'virus': 3, 'hi': 1, 'facebook': 1, 'baby': 1, 'day': 1, 'a': 1, 'about': 2, 'this': 3, 'contact': 1, 'hello': 1}
['love', 'is', 'what', 'from', 'how', 'to', 'mail', 'you', 'friend', 'nice', 'buy', 'I', 'virus', 'hi', 'facebook', 'baby', 'day', 'a', 'about', 'this', 'contact', 'hello']
[[0, 1, 0, 0, 0, 0, 1, 0, 0, 0, 0, 0, 1, 0, 0, 0, 0, 0, 0, 1, 0, 1], [0, 1, 0, 1, 0, 0, 0, 0, 1, 0, 0, 0, 0, 1, 0, 0, 0, 0, 0, 1, 0, 0], [0, 0, 0, 0, 1, 0, 0, 0, 0, 0, 1, 0, 1, 0, 0, 0, 0, 0, 1, 1, 0, 0], [0, 0, 0, 0, 0, 1, 0, 1, 1, 0, 0, 0, 0, 0, 1, 0, 0, 0, 0, 0, 1, 0], [1, 0, 0, 0, 0, 0, 0, 1, 0, 0, 0, 1, 1, 0, 0, 1, 0, 0, 0, 0, 0, 0], [0, 0, 1, 0, 1, 0, 0, 1, 0, 1, 0, 0, 0, 0, 0, 0, 1, 1, 1, 0, 0, 0]]
{'ham': array([ 0.,  1.,  1.,  1.,  1.,  1.,  0.,  2.,  2.,  1.,  0.,  0.,  0.,
        1.,  1.,  0.,  1.,  1.,  1.,  1.,  1.,  0.]), 'spam': array([ 1.,  1.,  0.,  0.,  1.,  0.,  1.,  1.,  0.,  0.,  1.,  1.,  3.,
        0.,  0.,  1.,  0.,  0.,  1.,  2.,  0.,  1.])}
{'ham': 17.0, 'spam': 15.0}
2
[[ 0.  1.  1.  1.  1.  1.  0.  2.  2.  1.  0.  0.  0.  1.  1.  0.  1.  1.
   1.  1.  1.  0.]
 [ 1.  1.  0.  0.  1.  0.  1.  1.  0.  0.  1.  1.  3.  0.  0.  1.  0.  0.
   1.  2.  0.  1.]]
[ 17.  15.]
['ham' 'spam']
[3 3]
[[ 0.  0.  0.  0.  0.  0.  0.  0.  0.  1.  0.  0.  0.  0.  1.  0.  0.  1.
   0.  1.  0.  0.]
 [ 0.  0.  0.  0.  0.  0.  0.  0.  0.  0.  0.  0.  0.  0.  0.  0.  0.  0.
   0.  2.  0.  0.]]
[[ 0.          0.          0.          0.          0.          0.          0.
   0.          0.          0.69314718  0.          0.          0.          0.
   0.69314718  0.          0.          0.69314718  0.          0.69314718
   0.          0.        ]
 [ 0.          0.          0.          0.          0.          0.          0.
   0.          0.          0.          0.          0.          0.          0.
   0.          0.          0.          0.          0.          1.09861229
   0.          0.        ]]
[[ 17.  17.  17.  17.  17.  17.  17.  17.  17.  17.  17.  17.  17.  17.
   17.  17.  17.  17.  17.  17.  17.  17.]
 [ 15.  15.  15.  15.  15.  15.  15.  15.  15.  15.  15.  15.  15.  15.
   15.  15.  15.  15.  15.  15.  15.  15.]]
[[ 3.66356165  3.66356165  3.66356165  3.66356165  3.66356165  3.66356165
   3.66356165  3.66356165  3.66356165  3.66356165  3.66356165  3.66356165
   3.66356165  3.66356165  3.66356165  3.66356165  3.66356165  3.66356165
   3.66356165  3.66356165  3.66356165  3.66356165]
 [ 3.61091791  3.61091791  3.61091791  3.61091791  3.61091791  3.61091791
   3.61091791  3.61091791  3.61091791  3.61091791  3.61091791  3.61091791
   3.61091791  3.61091791  3.61091791  3.61091791  3.61091791  3.61091791
   3.61091791  3.61091791  3.61091791  3.61091791]]
[-0.69314718 -0.69314718]
[-78.51891467 -79.03472897]
ham
T: 2016-05-01 18:07:45 #37 Log
ham
T: 2016-05-01 18:07:55 #38 Log
ham
